[2016-11-29 03:16:43] (ERROR @ D:\domains\avto\core\xpdo\om\xpdogenerator.class.php : 203) PHP warning: SimpleXMLElement::__construct(): D:/domains/avto/core/components/shop/model/schema/shop.mysql.schema.xml:1: parser error : Document is empty
[2016-11-29 03:16:43] (ERROR @ D:\domains\avto\core\xpdo\om\xpdogenerator.class.php : 203) PHP warning: SimpleXMLElement::__construct(): 
[2016-11-29 03:16:43] (ERROR @ D:\domains\avto\core\xpdo\om\xpdogenerator.class.php : 203) PHP warning: SimpleXMLElement::__construct(): ^
[2016-11-29 03:16:43] (ERROR @ D:\domains\avto\core\xpdo\om\xpdogenerator.class.php : 203) PHP warning: SimpleXMLElement::__construct(): D:/domains/avto/core/components/shop/model/schema/shop.mysql.schema.xml:1: parser error : Start tag expected, '&lt;' not found
[2016-11-29 03:16:43] (ERROR @ D:\domains\avto\core\xpdo\om\xpdogenerator.class.php : 203) PHP warning: SimpleXMLElement::__construct(): 
[2016-11-29 03:16:43] (ERROR @ D:\domains\avto\core\xpdo\om\xpdogenerator.class.php : 203) PHP warning: SimpleXMLElement::__construct(): ^
[2016-11-29 03:16:59] (ERROR @ D:\domains\avto\core\xpdo\om\xpdogenerator.class.php : 203) PHP warning: SimpleXMLElement::__construct(): D:/domains/avto/core/components/shop/model/schema/shop.mysql.schema.xml:1: parser error : Document is empty
[2016-11-29 03:16:59] (ERROR @ D:\domains\avto\core\xpdo\om\xpdogenerator.class.php : 203) PHP warning: SimpleXMLElement::__construct(): 
[2016-11-29 03:17:00] (ERROR @ D:\domains\avto\core\xpdo\om\xpdogenerator.class.php : 203) PHP warning: SimpleXMLElement::__construct(): ^
[2016-11-29 03:17:00] (ERROR @ D:\domains\avto\core\xpdo\om\xpdogenerator.class.php : 203) PHP warning: SimpleXMLElement::__construct(): D:/domains/avto/core/components/shop/model/schema/shop.mysql.schema.xml:1: parser error : Start tag expected, '&lt;' not found
[2016-11-29 03:17:00] (ERROR @ D:\domains\avto\core\xpdo\om\xpdogenerator.class.php : 203) PHP warning: SimpleXMLElement::__construct(): 
[2016-11-29 03:17:00] (ERROR @ D:\domains\avto\core\xpdo\om\xpdogenerator.class.php : 203) PHP warning: SimpleXMLElement::__construct(): ^
[2016-11-29 03:19:40] (ERROR @ D:\domains\avto\core\xpdo\om\xpdogenerator.class.php : 203) PHP warning: SimpleXMLElement::__construct(): D:/domains/avto/core/components/shop/model/schema/shop.mysql.schema.xml:1: parser error : Document is empty
[2016-11-29 03:19:40] (ERROR @ D:\domains\avto\core\xpdo\om\xpdogenerator.class.php : 203) PHP warning: SimpleXMLElement::__construct(): 
[2016-11-29 03:19:40] (ERROR @ D:\domains\avto\core\xpdo\om\xpdogenerator.class.php : 203) PHP warning: SimpleXMLElement::__construct(): ^
[2016-11-29 03:19:40] (ERROR @ D:\domains\avto\core\xpdo\om\xpdogenerator.class.php : 203) PHP warning: SimpleXMLElement::__construct(): D:/domains/avto/core/components/shop/model/schema/shop.mysql.schema.xml:1: parser error : Start tag expected, '&lt;' not found
[2016-11-29 03:19:40] (ERROR @ D:\domains\avto\core\xpdo\om\xpdogenerator.class.php : 203) PHP warning: SimpleXMLElement::__construct(): 
[2016-11-29 03:19:40] (ERROR @ D:\domains\avto\core\xpdo\om\xpdogenerator.class.php : 203) PHP warning: SimpleXMLElement::__construct(): ^
[2016-11-29 03:19:42] (ERROR @ D:\domains\avto\core\xpdo\om\xpdogenerator.class.php : 203) PHP warning: SimpleXMLElement::__construct(): D:/domains/avto/core/components/shop/model/schema/shop.mysql.schema.xml:1: parser error : Document is empty
[2016-11-29 03:19:42] (ERROR @ D:\domains\avto\core\xpdo\om\xpdogenerator.class.php : 203) PHP warning: SimpleXMLElement::__construct(): 
[2016-11-29 03:19:42] (ERROR @ D:\domains\avto\core\xpdo\om\xpdogenerator.class.php : 203) PHP warning: SimpleXMLElement::__construct(): ^
[2016-11-29 03:19:42] (ERROR @ D:\domains\avto\core\xpdo\om\xpdogenerator.class.php : 203) PHP warning: SimpleXMLElement::__construct(): D:/domains/avto/core/components/shop/model/schema/shop.mysql.schema.xml:1: parser error : Start tag expected, '&lt;' not found
[2016-11-29 03:19:42] (ERROR @ D:\domains\avto\core\xpdo\om\xpdogenerator.class.php : 203) PHP warning: SimpleXMLElement::__construct(): 
[2016-11-29 03:19:42] (ERROR @ D:\domains\avto\core\xpdo\om\xpdogenerator.class.php : 203) PHP warning: SimpleXMLElement::__construct(): ^
[2016-11-29 03:19:42] (ERROR @ D:\domains\avto\core\xpdo\om\xpdogenerator.class.php : 203) PHP warning: SimpleXMLElement::__construct(): D:/domains/avto/core/components/shop/model/schema/shop.mysql.schema.xml:1: parser error : Document is empty
[2016-11-29 03:19:42] (ERROR @ D:\domains\avto\core\xpdo\om\xpdogenerator.class.php : 203) PHP warning: SimpleXMLElement::__construct(): 
[2016-11-29 03:19:42] (ERROR @ D:\domains\avto\core\xpdo\om\xpdogenerator.class.php : 203) PHP warning: SimpleXMLElement::__construct(): ^
[2016-11-29 03:19:42] (ERROR @ D:\domains\avto\core\xpdo\om\xpdogenerator.class.php : 203) PHP warning: SimpleXMLElement::__construct(): D:/domains/avto/core/components/shop/model/schema/shop.mysql.schema.xml:1: parser error : Start tag expected, '&lt;' not found
[2016-11-29 03:19:42] (ERROR @ D:\domains\avto\core\xpdo\om\xpdogenerator.class.php : 203) PHP warning: SimpleXMLElement::__construct(): 
[2016-11-29 03:19:42] (ERROR @ D:\domains\avto\core\xpdo\om\xpdogenerator.class.php : 203) PHP warning: SimpleXMLElement::__construct(): ^
[2016-11-29 03:19:42] (ERROR @ D:\domains\avto\core\xpdo\om\xpdogenerator.class.php : 203) PHP warning: SimpleXMLElement::__construct(): D:/domains/avto/core/components/shop/model/schema/shop.mysql.schema.xml:1: parser error : Document is empty
[2016-11-29 03:19:42] (ERROR @ D:\domains\avto\core\xpdo\om\xpdogenerator.class.php : 203) PHP warning: SimpleXMLElement::__construct(): 
[2016-11-29 03:19:42] (ERROR @ D:\domains\avto\core\xpdo\om\xpdogenerator.class.php : 203) PHP warning: SimpleXMLElement::__construct(): ^
[2016-11-29 03:19:42] (ERROR @ D:\domains\avto\core\xpdo\om\xpdogenerator.class.php : 203) PHP warning: SimpleXMLElement::__construct(): D:/domains/avto/core/components/shop/model/schema/shop.mysql.schema.xml:1: parser error : Start tag expected, '&lt;' not found
[2016-11-29 03:19:42] (ERROR @ D:\domains\avto\core\xpdo\om\xpdogenerator.class.php : 203) PHP warning: SimpleXMLElement::__construct(): 
[2016-11-29 03:19:42] (ERROR @ D:\domains\avto\core\xpdo\om\xpdogenerator.class.php : 203) PHP warning: SimpleXMLElement::__construct(): ^
[2016-11-29 03:20:08] (ERROR @ D:\domains\avto\core\xpdo\om\xpdogenerator.class.php : 203) PHP warning: SimpleXMLElement::__construct(): D:/domains/avto/core/components/shop/model/schema/shop.mysql.schema.xml:1: parser error : Document is empty
[2016-11-29 03:20:08] (ERROR @ D:\domains\avto\core\xpdo\om\xpdogenerator.class.php : 203) PHP warning: SimpleXMLElement::__construct(): 
[2016-11-29 03:20:08] (ERROR @ D:\domains\avto\core\xpdo\om\xpdogenerator.class.php : 203) PHP warning: SimpleXMLElement::__construct(): ^
[2016-11-29 03:20:08] (ERROR @ D:\domains\avto\core\xpdo\om\xpdogenerator.class.php : 203) PHP warning: SimpleXMLElement::__construct(): D:/domains/avto/core/components/shop/model/schema/shop.mysql.schema.xml:1: parser error : Start tag expected, '&lt;' not found
[2016-11-29 03:20:08] (ERROR @ D:\domains\avto\core\xpdo\om\xpdogenerator.class.php : 203) PHP warning: SimpleXMLElement::__construct(): 
[2016-11-29 03:20:08] (ERROR @ D:\domains\avto\core\xpdo\om\xpdogenerator.class.php : 203) PHP warning: SimpleXMLElement::__construct(): ^
[2016-11-29 03:20:16] (ERROR @ D:\domains\avto\core\xpdo\om\xpdogenerator.class.php : 203) PHP warning: SimpleXMLElement::__construct(): D:/domains/avto/core/components/shop/model/schema/shop.mysql.schema.xml:1: parser error : Document is empty
[2016-11-29 03:20:16] (ERROR @ D:\domains\avto\core\xpdo\om\xpdogenerator.class.php : 203) PHP warning: SimpleXMLElement::__construct(): 
[2016-11-29 03:20:16] (ERROR @ D:\domains\avto\core\xpdo\om\xpdogenerator.class.php : 203) PHP warning: SimpleXMLElement::__construct(): ^
[2016-11-29 03:20:16] (ERROR @ D:\domains\avto\core\xpdo\om\xpdogenerator.class.php : 203) PHP warning: SimpleXMLElement::__construct(): D:/domains/avto/core/components/shop/model/schema/shop.mysql.schema.xml:1: parser error : Start tag expected, '&lt;' not found
[2016-11-29 03:20:16] (ERROR @ D:\domains\avto\core\xpdo\om\xpdogenerator.class.php : 203) PHP warning: SimpleXMLElement::__construct(): 
[2016-11-29 03:20:16] (ERROR @ D:\domains\avto\core\xpdo\om\xpdogenerator.class.php : 203) PHP warning: SimpleXMLElement::__construct(): ^
[2016-11-29 03:20:35] (ERROR @ D:\domains\avto\core\xpdo\om\xpdogenerator.class.php : 203) PHP warning: SimpleXMLElement::__construct(): D:/domains/avto/core/components/shop/model/schema/shop.mysql.schema.xml:1: parser error : Document is empty
[2016-11-29 03:20:35] (ERROR @ D:\domains\avto\core\xpdo\om\xpdogenerator.class.php : 203) PHP warning: SimpleXMLElement::__construct(): 
[2016-11-29 03:20:35] (ERROR @ D:\domains\avto\core\xpdo\om\xpdogenerator.class.php : 203) PHP warning: SimpleXMLElement::__construct(): ^
[2016-11-29 03:20:35] (ERROR @ D:\domains\avto\core\xpdo\om\xpdogenerator.class.php : 203) PHP warning: SimpleXMLElement::__construct(): D:/domains/avto/core/components/shop/model/schema/shop.mysql.schema.xml:1: parser error : Start tag expected, '&lt;' not found
[2016-11-29 03:20:35] (ERROR @ D:\domains\avto\core\xpdo\om\xpdogenerator.class.php : 203) PHP warning: SimpleXMLElement::__construct(): 
[2016-11-29 03:20:35] (ERROR @ D:\domains\avto\core\xpdo\om\xpdogenerator.class.php : 203) PHP warning: SimpleXMLElement::__construct(): ^
[2016-11-29 03:20:49] (ERROR @ D:\domains\avto\core\xpdo\om\xpdogenerator.class.php : 203) PHP warning: SimpleXMLElement::__construct(): D:/domains/avto/core/components/shop/model/schema/shop.mysql.schema.xml:1: parser error : Document is empty
[2016-11-29 03:20:49] (ERROR @ D:\domains\avto\core\xpdo\om\xpdogenerator.class.php : 203) PHP warning: SimpleXMLElement::__construct(): 
[2016-11-29 03:20:49] (ERROR @ D:\domains\avto\core\xpdo\om\xpdogenerator.class.php : 203) PHP warning: SimpleXMLElement::__construct(): ^
[2016-11-29 03:20:49] (ERROR @ D:\domains\avto\core\xpdo\om\xpdogenerator.class.php : 203) PHP warning: SimpleXMLElement::__construct(): D:/domains/avto/core/components/shop/model/schema/shop.mysql.schema.xml:1: parser error : Start tag expected, '&lt;' not found
[2016-11-29 03:20:49] (ERROR @ D:\domains\avto\core\xpdo\om\xpdogenerator.class.php : 203) PHP warning: SimpleXMLElement::__construct(): 
[2016-11-29 03:20:49] (ERROR @ D:\domains\avto\core\xpdo\om\xpdogenerator.class.php : 203) PHP warning: SimpleXMLElement::__construct(): ^
[2016-11-29 03:23:58] (ERROR @ D:\domains\avto\core\xpdo\om\xpdogenerator.class.php : 203) PHP warning: SimpleXMLElement::__construct(): D:/domains/avto/core/components/shop/model/schema/shop.mysql.schema.xml:1: parser error : Document is empty
[2016-11-29 03:23:58] (ERROR @ D:\domains\avto\core\xpdo\om\xpdogenerator.class.php : 203) PHP warning: SimpleXMLElement::__construct(): 
[2016-11-29 03:23:58] (ERROR @ D:\domains\avto\core\xpdo\om\xpdogenerator.class.php : 203) PHP warning: SimpleXMLElement::__construct(): ^
[2016-11-29 03:23:58] (ERROR @ D:\domains\avto\core\xpdo\om\xpdogenerator.class.php : 203) PHP warning: SimpleXMLElement::__construct(): D:/domains/avto/core/components/shop/model/schema/shop.mysql.schema.xml:1: parser error : Start tag expected, '&lt;' not found
[2016-11-29 03:23:58] (ERROR @ D:\domains\avto\core\xpdo\om\xpdogenerator.class.php : 203) PHP warning: SimpleXMLElement::__construct(): 
[2016-11-29 03:23:58] (ERROR @ D:\domains\avto\core\xpdo\om\xpdogenerator.class.php : 203) PHP warning: SimpleXMLElement::__construct(): ^
[2016-11-29 03:24:59] (ERROR @ D:\domains\avto\core\xpdo\om\xpdogenerator.class.php : 203) PHP warning: SimpleXMLElement::__construct(): D:/domains/avto/core/components/shop/model/schema/shop.mysql.schema.xml:1: parser error : Document is empty
[2016-11-29 03:24:59] (ERROR @ D:\domains\avto\core\xpdo\om\xpdogenerator.class.php : 203) PHP warning: SimpleXMLElement::__construct(): 
[2016-11-29 03:24:59] (ERROR @ D:\domains\avto\core\xpdo\om\xpdogenerator.class.php : 203) PHP warning: SimpleXMLElement::__construct(): ^
[2016-11-29 03:24:59] (ERROR @ D:\domains\avto\core\xpdo\om\xpdogenerator.class.php : 203) PHP warning: SimpleXMLElement::__construct(): D:/domains/avto/core/components/shop/model/schema/shop.mysql.schema.xml:1: parser error : Start tag expected, '&lt;' not found
[2016-11-29 03:24:59] (ERROR @ D:\domains\avto\core\xpdo\om\xpdogenerator.class.php : 203) PHP warning: SimpleXMLElement::__construct(): 
[2016-11-29 03:24:59] (ERROR @ D:\domains\avto\core\xpdo\om\xpdogenerator.class.php : 203) PHP warning: SimpleXMLElement::__construct(): ^
[2016-11-29 03:24:59] (ERROR @ D:\domains\avto\core\xpdo\om\xpdogenerator.class.php : 203) PHP warning: SimpleXMLElement::__construct(): D:/domains/avto/core/components/shop/model/schema/shop.mysql.schema.xml:1: parser error : Document is empty
[2016-11-29 03:24:59] (ERROR @ D:\domains\avto\core\xpdo\om\xpdogenerator.class.php : 203) PHP warning: SimpleXMLElement::__construct(): 
[2016-11-29 03:24:59] (ERROR @ D:\domains\avto\core\xpdo\om\xpdogenerator.class.php : 203) PHP warning: SimpleXMLElement::__construct(): ^
[2016-11-29 03:24:59] (ERROR @ D:\domains\avto\core\xpdo\om\xpdogenerator.class.php : 203) PHP warning: SimpleXMLElement::__construct(): D:/domains/avto/core/components/shop/model/schema/shop.mysql.schema.xml:1: parser error : Start tag expected, '&lt;' not found
[2016-11-29 03:24:59] (ERROR @ D:\domains\avto\core\xpdo\om\xpdogenerator.class.php : 203) PHP warning: SimpleXMLElement::__construct(): 
[2016-11-29 03:24:59] (ERROR @ D:\domains\avto\core\xpdo\om\xpdogenerator.class.php : 203) PHP warning: SimpleXMLElement::__construct(): ^
[2016-11-29 03:25:00] (ERROR @ D:\domains\avto\core\xpdo\om\xpdogenerator.class.php : 203) PHP warning: SimpleXMLElement::__construct(): D:/domains/avto/core/components/shop/model/schema/shop.mysql.schema.xml:1: parser error : Document is empty
[2016-11-29 03:25:00] (ERROR @ D:\domains\avto\core\xpdo\om\xpdogenerator.class.php : 203) PHP warning: SimpleXMLElement::__construct(): 
[2016-11-29 03:25:00] (ERROR @ D:\domains\avto\core\xpdo\om\xpdogenerator.class.php : 203) PHP warning: SimpleXMLElement::__construct(): ^
[2016-11-29 03:25:00] (ERROR @ D:\domains\avto\core\xpdo\om\xpdogenerator.class.php : 203) PHP warning: SimpleXMLElement::__construct(): D:/domains/avto/core/components/shop/model/schema/shop.mysql.schema.xml:1: parser error : Start tag expected, '&lt;' not found
[2016-11-29 03:25:00] (ERROR @ D:\domains\avto\core\xpdo\om\xpdogenerator.class.php : 203) PHP warning: SimpleXMLElement::__construct(): 
[2016-11-29 03:25:00] (ERROR @ D:\domains\avto\core\xpdo\om\xpdogenerator.class.php : 203) PHP warning: SimpleXMLElement::__construct(): ^
[2016-11-29 03:25:00] (ERROR @ D:\domains\avto\core\xpdo\om\xpdogenerator.class.php : 203) PHP warning: SimpleXMLElement::__construct(): D:/domains/avto/core/components/shop/model/schema/shop.mysql.schema.xml:1: parser error : Document is empty
[2016-11-29 03:25:00] (ERROR @ D:\domains\avto\core\xpdo\om\xpdogenerator.class.php : 203) PHP warning: SimpleXMLElement::__construct(): 
[2016-11-29 03:25:00] (ERROR @ D:\domains\avto\core\xpdo\om\xpdogenerator.class.php : 203) PHP warning: SimpleXMLElement::__construct(): ^
[2016-11-29 03:25:00] (ERROR @ D:\domains\avto\core\xpdo\om\xpdogenerator.class.php : 203) PHP warning: SimpleXMLElement::__construct(): D:/domains/avto/core/components/shop/model/schema/shop.mysql.schema.xml:1: parser error : Start tag expected, '&lt;' not found
[2016-11-29 03:25:00] (ERROR @ D:\domains\avto\core\xpdo\om\xpdogenerator.class.php : 203) PHP warning: SimpleXMLElement::__construct(): 
[2016-11-29 03:25:00] (ERROR @ D:\domains\avto\core\xpdo\om\xpdogenerator.class.php : 203) PHP warning: SimpleXMLElement::__construct(): ^
[2016-11-29 03:25:00] (ERROR @ D:\domains\avto\core\xpdo\om\xpdogenerator.class.php : 203) PHP warning: SimpleXMLElement::__construct(): D:/domains/avto/core/components/shop/model/schema/shop.mysql.schema.xml:1: parser error : Document is empty
[2016-11-29 03:25:00] (ERROR @ D:\domains\avto\core\xpdo\om\xpdogenerator.class.php : 203) PHP warning: SimpleXMLElement::__construct(): 
[2016-11-29 03:25:00] (ERROR @ D:\domains\avto\core\xpdo\om\xpdogenerator.class.php : 203) PHP warning: SimpleXMLElement::__construct(): ^
[2016-11-29 03:25:00] (ERROR @ D:\domains\avto\core\xpdo\om\xpdogenerator.class.php : 203) PHP warning: SimpleXMLElement::__construct(): D:/domains/avto/core/components/shop/model/schema/shop.mysql.schema.xml:1: parser error : Start tag expected, '&lt;' not found
[2016-11-29 03:25:00] (ERROR @ D:\domains\avto\core\xpdo\om\xpdogenerator.class.php : 203) PHP warning: SimpleXMLElement::__construct(): 
[2016-11-29 03:25:00] (ERROR @ D:\domains\avto\core\xpdo\om\xpdogenerator.class.php : 203) PHP warning: SimpleXMLElement::__construct(): ^
[2016-11-29 03:25:00] (ERROR @ D:\domains\avto\core\xpdo\om\xpdogenerator.class.php : 203) PHP warning: SimpleXMLElement::__construct(): D:/domains/avto/core/components/shop/model/schema/shop.mysql.schema.xml:1: parser error : Document is empty
[2016-11-29 03:25:00] (ERROR @ D:\domains\avto\core\xpdo\om\xpdogenerator.class.php : 203) PHP warning: SimpleXMLElement::__construct(): 
[2016-11-29 03:25:00] (ERROR @ D:\domains\avto\core\xpdo\om\xpdogenerator.class.php : 203) PHP warning: SimpleXMLElement::__construct(): ^
[2016-11-29 03:25:00] (ERROR @ D:\domains\avto\core\xpdo\om\xpdogenerator.class.php : 203) PHP warning: SimpleXMLElement::__construct(): D:/domains/avto/core/components/shop/model/schema/shop.mysql.schema.xml:1: parser error : Start tag expected, '&lt;' not found
[2016-11-29 03:25:00] (ERROR @ D:\domains\avto\core\xpdo\om\xpdogenerator.class.php : 203) PHP warning: SimpleXMLElement::__construct(): 
[2016-11-29 03:25:00] (ERROR @ D:\domains\avto\core\xpdo\om\xpdogenerator.class.php : 203) PHP warning: SimpleXMLElement::__construct(): ^
[2016-11-29 03:25:00] (ERROR @ D:\domains\avto\core\xpdo\om\xpdogenerator.class.php : 203) PHP warning: SimpleXMLElement::__construct(): D:/domains/avto/core/components/shop/model/schema/shop.mysql.schema.xml:1: parser error : Document is empty
[2016-11-29 03:25:00] (ERROR @ D:\domains\avto\core\xpdo\om\xpdogenerator.class.php : 203) PHP warning: SimpleXMLElement::__construct(): 
[2016-11-29 03:25:00] (ERROR @ D:\domains\avto\core\xpdo\om\xpdogenerator.class.php : 203) PHP warning: SimpleXMLElement::__construct(): ^
[2016-11-29 03:25:00] (ERROR @ D:\domains\avto\core\xpdo\om\xpdogenerator.class.php : 203) PHP warning: SimpleXMLElement::__construct(): D:/domains/avto/core/components/shop/model/schema/shop.mysql.schema.xml:1: parser error : Start tag expected, '&lt;' not found
[2016-11-29 03:25:00] (ERROR @ D:\domains\avto\core\xpdo\om\xpdogenerator.class.php : 203) PHP warning: SimpleXMLElement::__construct(): 
[2016-11-29 03:25:00] (ERROR @ D:\domains\avto\core\xpdo\om\xpdogenerator.class.php : 203) PHP warning: SimpleXMLElement::__construct(): ^
[2016-11-29 11:37:17] (ERROR @ D:\domains\avto\core\xpdo\xpdo.class.php : 591) No class specified for loadClass
[2016-11-29 11:37:17] (ERROR @ D:\domains\avto\core\xpdo\xpdo.class.php : 1615) Could not load class 
[2016-11-29 11:37:17] (ERROR @ D:\domains\avto\core\xpdo\xpdo.class.php : 591) No class specified for loadClass
[2016-11-29 11:37:17] (ERROR @ D:\domains\avto\core\xpdo\xpdo.class.php : 591) No class specified for loadClass
[2016-11-29 11:37:17] (ERROR @ D:\domains\avto\core\xpdo\xpdo.class.php : 761) ::getSelectColumns() is not a valid static method.
[2016-11-29 11:37:17] (ERROR @ D:\domains\avto\core\xpdo\xpdo.class.php : 591) No class specified for loadClass
[2016-11-29 11:37:17] (ERROR @ D:\domains\avto\core\xpdo\xpdo.class.php : 1615) Could not load class 
[2016-11-29 11:37:17] (ERROR @ D:\domains\avto\core\xpdo\xpdo.class.php : 591) No class specified for loadClass
[2016-11-29 11:37:17] (ERROR @ D:\domains\avto\core\xpdo\xpdo.class.php : 1653) Could not load class !
[2016-11-29 11:37:17] (ERROR @ D:\domains\avto\core\xpdo\xpdo.class.php : 591) No class specified for loadClass
[2016-11-29 11:37:17] (ERROR @ D:\domains\avto\core\xpdo\xpdo.class.php : 591) No class specified for loadClass
[2016-11-29 11:37:17] (ERROR @ D:\domains\avto\core\xpdo\xpdo.class.php : 591) No class specified for loadClass
[2016-11-29 11:37:17] (ERROR @ D:\domains\avto\core\xpdo\xpdo.class.php : 591) No class specified for loadClass
[2016-11-29 11:37:17] (ERROR @ D:\domains\avto\core\xpdo\xpdo.class.php : 1615) Could not load class 
[2016-11-29 11:37:17] (ERROR @ D:\domains\avto\core\xpdo\xpdo.class.php : 591) No class specified for loadClass
[2016-11-29 11:37:17] (ERROR @ D:\domains\avto\core\xpdo\xpdo.class.php : 761) ::loadCollection() is not a valid static method.
[2016-11-29 11:39:52] (ERROR @ D:\domains\avto\core\xpdo\xpdo.class.php : 591) No class specified for loadClass
[2016-11-29 11:39:52] (ERROR @ D:\domains\avto\core\xpdo\xpdo.class.php : 1615) Could not load class 
[2016-11-29 11:39:52] (ERROR @ D:\domains\avto\core\xpdo\xpdo.class.php : 591) No class specified for loadClass
[2016-11-29 11:39:52] (ERROR @ D:\domains\avto\core\xpdo\xpdo.class.php : 591) No class specified for loadClass
[2016-11-29 11:39:52] (ERROR @ D:\domains\avto\core\xpdo\xpdo.class.php : 761) ::getSelectColumns() is not a valid static method.
[2016-11-29 11:39:52] (ERROR @ D:\domains\avto\core\xpdo\xpdo.class.php : 591) No class specified for loadClass
[2016-11-29 11:39:52] (ERROR @ D:\domains\avto\core\xpdo\xpdo.class.php : 1615) Could not load class 
[2016-11-29 11:39:52] (ERROR @ D:\domains\avto\core\xpdo\xpdo.class.php : 591) No class specified for loadClass
[2016-11-29 11:39:52] (ERROR @ D:\domains\avto\core\xpdo\xpdo.class.php : 1653) Could not load class !
[2016-11-29 11:39:52] (ERROR @ D:\domains\avto\core\xpdo\xpdo.class.php : 591) No class specified for loadClass
[2016-11-29 11:39:52] (ERROR @ D:\domains\avto\core\xpdo\xpdo.class.php : 591) No class specified for loadClass
[2016-11-29 11:39:52] (ERROR @ D:\domains\avto\core\xpdo\xpdo.class.php : 591) No class specified for loadClass
[2016-11-29 11:39:52] (ERROR @ D:\domains\avto\core\xpdo\xpdo.class.php : 591) No class specified for loadClass
[2016-11-29 11:39:52] (ERROR @ D:\domains\avto\core\xpdo\xpdo.class.php : 1615) Could not load class 
[2016-11-29 11:39:52] (ERROR @ D:\domains\avto\core\xpdo\xpdo.class.php : 591) No class specified for loadClass
[2016-11-29 11:39:52] (ERROR @ D:\domains\avto\core\xpdo\xpdo.class.php : 761) ::loadCollection() is not a valid static method.
[2016-11-29 11:45:00] (ERROR @ D:\domains\avto\core\xpdo\xpdo.class.php : 591) No class specified for loadClass
[2016-11-29 11:45:00] (ERROR @ D:\domains\avto\core\xpdo\xpdo.class.php : 1615) Could not load class 
[2016-11-29 11:45:00] (ERROR @ D:\domains\avto\core\xpdo\xpdo.class.php : 591) No class specified for loadClass
[2016-11-29 11:45:00] (ERROR @ D:\domains\avto\core\xpdo\xpdo.class.php : 591) No class specified for loadClass
[2016-11-29 11:45:00] (ERROR @ D:\domains\avto\core\xpdo\xpdo.class.php : 761) ::getSelectColumns() is not a valid static method.
[2016-11-29 11:45:00] (ERROR @ D:\domains\avto\core\xpdo\xpdo.class.php : 591) No class specified for loadClass
[2016-11-29 11:45:00] (ERROR @ D:\domains\avto\core\xpdo\xpdo.class.php : 1615) Could not load class 
[2016-11-29 11:45:00] (ERROR @ D:\domains\avto\core\xpdo\xpdo.class.php : 591) No class specified for loadClass
[2016-11-29 11:45:00] (ERROR @ D:\domains\avto\core\xpdo\xpdo.class.php : 1653) Could not load class !
[2016-11-29 11:45:00] (ERROR @ D:\domains\avto\core\xpdo\xpdo.class.php : 591) No class specified for loadClass
[2016-11-29 11:45:00] (ERROR @ D:\domains\avto\core\xpdo\xpdo.class.php : 591) No class specified for loadClass
[2016-11-29 11:45:00] (ERROR @ D:\domains\avto\core\xpdo\xpdo.class.php : 591) No class specified for loadClass
[2016-11-29 11:45:00] (ERROR @ D:\domains\avto\core\xpdo\xpdo.class.php : 1615) Could not load class 
[2016-11-29 11:45:00] (ERROR @ D:\domains\avto\core\xpdo\xpdo.class.php : 591) No class specified for loadClass
[2016-11-29 11:45:00] (ERROR @ D:\domains\avto\core\xpdo\xpdo.class.php : 1653) Could not load class !
[2016-11-29 11:45:00] (ERROR @ D:\domains\avto\core\xpdo\xpdo.class.php : 591) No class specified for loadClass
[2016-11-29 11:45:00] (ERROR @ D:\domains\avto\core\xpdo\xpdo.class.php : 591) No class specified for loadClass
[2016-11-29 11:45:00] (ERROR @ D:\domains\avto\core\xpdo\xpdo.class.php : 591) No class specified for loadClass
[2016-11-29 11:45:00] (ERROR @ D:\domains\avto\core\xpdo\xpdo.class.php : 591) No class specified for loadClass
[2016-11-29 11:45:00] (ERROR @ D:\domains\avto\core\xpdo\xpdo.class.php : 1615) Could not load class 
[2016-11-29 11:45:00] (ERROR @ D:\domains\avto\core\xpdo\xpdo.class.php : 591) No class specified for loadClass
[2016-11-29 11:45:00] (ERROR @ D:\domains\avto\core\xpdo\xpdo.class.php : 761) ::loadCollection() is not a valid static method.
[2016-11-29 11:56:37] (ERROR @ D:\domains\avto\core\xpdo\xpdo.class.php : 591) No class specified for loadClass
[2016-12-01 16:37:43] (ERROR @ D:\domains\avto\core\model\smarty\sysplugins\smarty_internal_write_file.php : 81) PHP warning: chmod(): No such file or directory
[2016-12-07 14:25:55] (ERROR @ D:\domains\avto\core\model\modx\modx.class.php : 991) `katalog/pervaya-kategoriya/` is not a valid integer and may not be passed to makeUrl()
[2016-12-07 14:25:55] (ERROR @ D:\domains\avto\core\model\modx\modx.class.php : 991) `katalog/pervaya-kategoriya/` is not a valid integer and may not be passed to makeUrl()
[2016-12-07 14:25:59] (ERROR @ D:\domains\avto\core\model\modx\modx.class.php : 991) `katalog/pervaya-kategoriya/` is not a valid integer and may not be passed to makeUrl()
[2016-12-07 14:25:59] (ERROR @ D:\domains\avto\core\model\modx\modx.class.php : 991) `katalog/pervaya-kategoriya/` is not a valid integer and may not be passed to makeUrl()
[2016-12-16 00:59:07] (ERROR in xPDOConnection::connect @ D:\domains\avto\core\xpdo\xpdo.class.php : 3083) SQLSTATE[HY000] [1049] Unknown database 'avtomodx'
[2016-12-16 00:59:07] (ERROR in xPDOConnection::connect @ D:\domains\avto\core\xpdo\xpdo.class.php : 3083) SQLSTATE[HY000] [1049] Unknown database 'avtomodx'
[2016-12-16 00:59:07] (ERROR in xPDOConnection::connect @ D:\domains\avto\core\xpdo\xpdo.class.php : 3083) SQLSTATE[HY000] [1049] Unknown database 'avtomodx'
[2016-12-16 00:59:07] (ERROR @ D:\domains\avto\core\xpdo\om\xpdoobject.class.php : 263) Error preparing statement for query: SELECT `modSession`.`id` AS `modSession_id`, `modSession`.`access` AS `modSession_access`, `modSession`.`data` AS `modSession_data` FROM `modx_session` AS `modSession` WHERE `modSession`.`id` = ?  - 
[2016-12-16 00:59:07] (ERROR in xPDOConnection::connect @ D:\domains\avto\core\xpdo\xpdo.class.php : 3083) SQLSTATE[HY000] [1049] Unknown database 'avtomodx'
[2016-12-16 00:59:07] (ERROR in xPDOConnection::connect @ D:\domains\avto\core\xpdo\xpdo.class.php : 3083) SQLSTATE[HY000] [1049] Unknown database 'avtomodx'
[2016-12-16 00:59:07] (ERROR @ D:\domains\avto\core\xpdo\om\xpdoobject.class.php : 263) Error preparing statement for query: SELECT `modLexiconEntry`.`id` AS `modLexiconEntry_id`, `modLexiconEntry`.`name` AS `modLexiconEntry_name`, `modLexiconEntry`.`value` AS `modLexiconEntry_value`, `modLexiconEntry`.`topic` AS `modLexiconEntry_topic`, `modLexiconEntry`.`namespace` AS `modLexiconEntry_namespace`, `modLexiconEntry`.`language` AS `modLexiconEntry_language`, `modLexiconEntry`.`createdon` AS `modLexiconEntry_createdon`, `modLexiconEntry`.`editedon` AS `modLexiconEntry_editedon` FROM `modx_lexicon_entries` AS `modLexiconEntry` JOIN `modx_namespaces` `Namespace` ON `modLexiconEntry`.`namespace` =  `Namespace`.`name` WHERE  ( `modLexiconEntry`.`topic` = ? AND `modLexiconEntry`.`language` = ? AND `Namespace`.`name` = ? )  ORDER BY `modLexiconEntry`.`name` ASC  - 
[2016-12-16 00:59:07] (ERROR in xPDOConnection::connect @ D:\domains\avto\core\xpdo\xpdo.class.php : 3083) SQLSTATE[HY000] [1049] Unknown database 'avtomodx'
[2016-12-16 00:59:07] (ERROR in xPDOConnection::connect @ D:\domains\avto\core\xpdo\xpdo.class.php : 3083) SQLSTATE[HY000] [1049] Unknown database 'avtomodx'
[2016-12-16 00:59:07] (ERROR @ D:\domains\avto\core\xpdo\om\xpdoobject.class.php : 263) Error preparing statement for query: SELECT `modActionDom`.`id`, `modActionDom`.`set`, `modActionDom`.`action`, `modActionDom`.`name`, `modActionDom`.`description`, `modActionDom`.`xtype`, `modActionDom`.`container`, `modActionDom`.`rule`, `modActionDom`.`value`, `modActionDom`.`constraint`, `modActionDom`.`constraint_field`, `modActionDom`.`constraint_class`, `modActionDom`.`active`, `modActionDom`.`for_parent`, `modActionDom`.`rank`, `FCSet`.`constraint_class`, `FCSet`.`constraint_field`, `FCSet`.`constraint`, `FCSet`.`template` FROM `modx_actiondom` AS `modActionDom` JOIN `modx_fc_sets` `FCSet` ON `modActionDom`.`set` =  `FCSet`.`id` JOIN `modx_fc_profiles` `Profile` ON FCSet.profile = Profile.id LEFT JOIN `modx_fc_profiles_usergroups` `ProfileUserGroup` ON Profile.id = ProfileUserGroup.profile LEFT JOIN `modx_fc_profiles` `UGProfile` ON UGProfile.id = ProfileUserGroup.profile WHERE  ( `modActionDom`.`action` = ? AND `modActionDom`.`for_parent` = ? AND `FCSet`.`active` = ? AND `Profile`.`active` = ? )  ORDER BY modActionDom.rank ASC  - 
[2016-12-16 00:59:07] (ERROR in xPDOConnection::connect @ D:\domains\avto\core\xpdo\xpdo.class.php : 3083) SQLSTATE[HY000] [1049] Unknown database 'avtomodx'
[2016-12-16 00:59:08] (ERROR in xPDOConnection::connect @ D:\domains\avto\core\xpdo\xpdo.class.php : 3083) SQLSTATE[HY000] [1049] Unknown database 'avtomodx'
[2016-12-16 00:59:08] (ERROR @ D:\domains\avto\core\xpdo\om\xpdoobject.class.php : 263) Error preparing statement for query: SELECT `modSession`.`id` AS `modSession_id`, `modSession`.`access` AS `modSession_access`, `modSession`.`data` AS `modSession_data` FROM `modx_session` AS `modSession` WHERE `modSession`.`id` = ?  - 
[2016-12-16 00:59:08] (ERROR in xPDOConnection::connect @ D:\domains\avto\core\xpdo\xpdo.class.php : 3083) SQLSTATE[HY000] [1049] Unknown database 'avtomodx'
[2016-12-16 00:59:08] (ERROR in xPDOConnection::connect @ D:\domains\avto\core\xpdo\xpdo.class.php : 3083) SQLSTATE[HY000] [1049] Unknown database 'avtomodx'
[2016-12-16 00:59:08] (ERROR in xPDOConnection::connect @ D:\domains\avto\core\xpdo\xpdo.class.php : 3083) SQLSTATE[HY000] [1049] Unknown database 'avtomodx'
[2016-12-16 00:59:08] (ERROR in xPDOConnection::connect @ D:\domains\avto\core\xpdo\xpdo.class.php : 3083) SQLSTATE[HY000] [1049] Unknown database 'avtomodx'
[2016-12-16 00:59:08] (ERROR in xPDOConnection::connect @ D:\domains\avto\core\xpdo\xpdo.class.php : 3083) SQLSTATE[HY000] [1049] Unknown database 'avtomodx'
[2016-12-16 00:59:08] (ERROR @ D:\domains\avto\core\xpdo\om\xpdoobject.class.php : 263) Error preparing statement for query: SELECT `modSession`.`id` AS `modSession_id`, `modSession`.`access` AS `modSession_access`, `modSession`.`data` AS `modSession_data` FROM `modx_session` AS `modSession` WHERE `modSession`.`id` = ?  - 
[2016-12-16 00:59:08] (ERROR in xPDOConnection::connect @ D:\domains\avto\core\xpdo\xpdo.class.php : 3083) SQLSTATE[HY000] [1049] Unknown database 'avtomodx'
[2016-12-16 00:59:08] (ERROR in xPDOConnection::connect @ D:\domains\avto\core\xpdo\xpdo.class.php : 3083) SQLSTATE[HY000] [1049] Unknown database 'avtomodx'
[2016-12-16 00:59:08] (ERROR @ D:\domains\avto\core\xpdo\om\xpdoobject.class.php : 263) Error preparing statement for query: SELECT `modContentType`.`id` AS `modContentType_id`, `modContentType`.`name` AS `modContentType_name`, `modContentType`.`description` AS `modContentType_description`, `modContentType`.`mime_type` AS `modContentType_mime_type`, `modContentType`.`file_extensions` AS `modContentType_file_extensions`, `modContentType`.`headers` AS `modContentType_headers`, `modContentType`.`binary` AS `modContentType_binary` FROM `modx_content_type` AS `modContentType` WHERE `modContentType`.`name` = ?  - 
[2016-12-16 00:59:08] (ERROR in xPDOConnection::connect @ D:\domains\avto\core\xpdo\xpdo.class.php : 3083) SQLSTATE[HY000] [1049] Unknown database 'avtomodx'
[2016-12-16 00:59:08] (ERROR in xPDOConnection::connect @ D:\domains\avto\core\xpdo\xpdo.class.php : 3083) SQLSTATE[HY000] [1049] Unknown database 'avtomodx'
[2016-12-16 00:59:08] (ERROR @ D:\domains\avto\core\xpdo\om\xpdoobject.class.php : 263) Error preparing statement for query: SELECT `modSession`.`id` AS `modSession_id`, `modSession`.`access` AS `modSession_access`, `modSession`.`data` AS `modSession_data` FROM `modx_session` AS `modSession` WHERE `modSession`.`id` = ?  - 
[2016-12-16 00:59:08] (ERROR in xPDOConnection::connect @ D:\domains\avto\core\xpdo\xpdo.class.php : 3083) SQLSTATE[HY000] [1049] Unknown database 'avtomodx'
[2016-12-16 00:59:08] (ERROR in xPDOConnection::connect @ D:\domains\avto\core\xpdo\xpdo.class.php : 3083) SQLSTATE[HY000] [1049] Unknown database 'avtomodx'
[2016-12-16 00:59:15] (ERROR in xPDOConnection::connect @ D:\domains\avto\core\xpdo\xpdo.class.php : 3083) SQLSTATE[HY000] [1049] Unknown database 'avtomodx'
[2016-12-16 00:59:15] (ERROR in xPDOConnection::connect @ D:\domains\avto\core\xpdo\xpdo.class.php : 3083) SQLSTATE[HY000] [1049] Unknown database 'avtomodx'
[2016-12-16 00:59:15] (ERROR in xPDOConnection::connect @ D:\domains\avto\core\xpdo\xpdo.class.php : 3083) SQLSTATE[HY000] [1049] Unknown database 'avtomodx'
[2016-12-16 00:59:15] (ERROR @ D:\domains\avto\core\xpdo\om\xpdoobject.class.php : 263) Error preparing statement for query: SELECT `modSession`.`id` AS `modSession_id`, `modSession`.`access` AS `modSession_access`, `modSession`.`data` AS `modSession_data` FROM `modx_session` AS `modSession` WHERE `modSession`.`id` = ?  - 
[2016-12-16 00:59:15] (ERROR in xPDOConnection::connect @ D:\domains\avto\core\xpdo\xpdo.class.php : 3083) SQLSTATE[HY000] [1049] Unknown database 'avtomodx'
[2016-12-16 00:59:15] (ERROR in xPDOConnection::connect @ D:\domains\avto\core\xpdo\xpdo.class.php : 3083) SQLSTATE[HY000] [1049] Unknown database 'avtomodx'
[2016-12-16 00:59:15] (ERROR @ D:\domains\avto\core\xpdo\om\xpdoobject.class.php : 263) Error preparing statement for query: SELECT `modActionDom`.`id`, `modActionDom`.`set`, `modActionDom`.`action`, `modActionDom`.`name`, `modActionDom`.`description`, `modActionDom`.`xtype`, `modActionDom`.`container`, `modActionDom`.`rule`, `modActionDom`.`value`, `modActionDom`.`constraint`, `modActionDom`.`constraint_field`, `modActionDom`.`constraint_class`, `modActionDom`.`active`, `modActionDom`.`for_parent`, `modActionDom`.`rank`, `FCSet`.`constraint_class`, `FCSet`.`constraint_field`, `FCSet`.`constraint`, `FCSet`.`template` FROM `modx_actiondom` AS `modActionDom` JOIN `modx_fc_sets` `FCSet` ON `modActionDom`.`set` =  `FCSet`.`id` JOIN `modx_fc_profiles` `Profile` ON FCSet.profile = Profile.id LEFT JOIN `modx_fc_profiles_usergroups` `ProfileUserGroup` ON Profile.id = ProfileUserGroup.profile LEFT JOIN `modx_fc_profiles` `UGProfile` ON UGProfile.id = ProfileUserGroup.profile WHERE  ( `modActionDom`.`action` = ? AND `modActionDom`.`for_parent` = ? AND `FCSet`.`active` = ? AND `Profile`.`active` = ? )  ORDER BY modActionDom.rank ASC  - 
[2016-12-16 00:59:15] (ERROR in xPDOConnection::connect @ D:\domains\avto\core\xpdo\xpdo.class.php : 3083) SQLSTATE[HY000] [1049] Unknown database 'avtomodx'
[2016-12-16 00:59:15] (ERROR in xPDOConnection::connect @ D:\domains\avto\core\xpdo\xpdo.class.php : 3083) SQLSTATE[HY000] [1049] Unknown database 'avtomodx'
[2016-12-16 00:59:15] (ERROR @ D:\domains\avto\core\xpdo\om\xpdoobject.class.php : 263) Error preparing statement for query: SELECT `modUser`.`id` AS `modUser_id`, `modUser`.`username` AS `modUser_username`, `modUser`.`password` AS `modUser_password`, `modUser`.`cachepwd` AS `modUser_cachepwd`, `modUser`.`class_key` AS `modUser_class_key`, `modUser`.`active` AS `modUser_active`, `modUser`.`remote_key` AS `modUser_remote_key`, `modUser`.`remote_data` AS `modUser_remote_data`, `modUser`.`hash_class` AS `modUser_hash_class`, `modUser`.`salt` AS `modUser_salt`, `modUser`.`primary_group` AS `modUser_primary_group`, `modUser`.`session_stale` AS `modUser_session_stale`, `modUser`.`sudo` AS `modUser_sudo`, `modUser`.`createdon` AS `modUser_createdon` FROM `modx_users` AS `modUser` WHERE `modUser`.`username` = ?  - 
[2016-12-16 00:59:15] (ERROR in xPDOConnection::connect @ D:\domains\avto\core\xpdo\xpdo.class.php : 3083) SQLSTATE[HY000] [1049] Unknown database 'avtomodx'
[2016-12-16 00:59:15] (ERROR in xPDOConnection::connect @ D:\domains\avto\core\xpdo\xpdo.class.php : 3083) SQLSTATE[HY000] [1049] Unknown database 'avtomodx'
[2016-12-16 00:59:15] (ERROR in xPDOConnection::connect @ D:\domains\avto\core\xpdo\xpdo.class.php : 3083) SQLSTATE[HY000] [1049] Unknown database 'avtomodx'
[2016-12-16 00:59:15] (ERROR @ D:\domains\avto\core\xpdo\om\xpdoobject.class.php : 546) Error  preparing statement: SELECT `modUser`.`id` AS `modUser_id`, `modUser`.`username` AS `modUser_username`, `modUser`.`password` AS `modUser_password`, `modUser`.`cachepwd` AS `modUser_cachepwd`, `modUser`.`class_key` AS `modUser_class_key`, `modUser`.`active` AS `modUser_active`, `modUser`.`remote_key` AS `modUser_remote_key`, `modUser`.`remote_data` AS `modUser_remote_data`, `modUser`.`hash_class` AS `modUser_hash_class`, `modUser`.`salt` AS `modUser_salt`, `modUser`.`primary_group` AS `modUser_primary_group`, `modUser`.`session_stale` AS `modUser_session_stale`, `modUser`.`sudo` AS `modUser_sudo`, `modUser`.`createdon` AS `modUser_createdon`, `Profile`.`id` AS `Profile_id`, `Profile`.`internalKey` AS `Profile_internalKey`, `Profile`.`fullname` AS `Profile_fullname`, `Profile`.`email` AS `Profile_email`, `Profile`.`phone` AS `Profile_phone`, `Profile`.`mobilephone` AS `Profile_mobilephone`, `Profile`.`blocked` AS `Profile_blocked`, `Profile`.`blockeduntil` AS `Profile_blockeduntil`, `Profile`.`blockedafter` AS `Profile_blockedafter`, `Profile`.`logincount` AS `Profile_logincount`, `Profile`.`lastlogin` AS `Profile_lastlogin`, `Profile`.`thislogin` AS `Profile_thislogin`, `Profile`.`failedlogincount` AS `Profile_failedlogincount`, `Profile`.`sessionid` AS `Profile_sessionid`, `Profile`.`dob` AS `Profile_dob`, `Profile`.`gender` AS `Profile_gender`, `Profile`.`address` AS `Profile_address`, `Profile`.`country` AS `Profile_country`, `Profile`.`city` AS `Profile_city`, `Profile`.`state` AS `Profile_state`, `Profile`.`zip` AS `Profile_zip`, `Profile`.`fax` AS `Profile_fax`, `Profile`.`photo` AS `Profile_photo`, `Profile`.`comment` AS `Profile_comment`, `Profile`.`website` AS `Profile_website`, `Profile`.`extended` AS `Profile_extended`, `UserSettings`.`user` AS `UserSettings_user`, `UserSettings`.`key` AS `UserSettings_key`, `UserSettings`.`value` AS `UserSettings_value`, `UserSettings`.`xtype` AS `UserSettings_xtype`, `UserSettings`.`namespace` AS `UserSettings_namespace`, `UserSettings`.`area` AS `UserSettings_area`, `UserSettings`.`editedon` AS `UserSettings_editedon` FROM `modx_users` AS `modUser` LEFT JOIN `modx_user_attributes` `Profile` ON `modUser`.`id` = `Profile`.`internalKey` LEFT JOIN `modx_user_settings` `UserSettings` ON `modUser`.`id` = `UserSettings`.`user` WHERE `modUser`.`username` = ? ORDER BY `modUser`.`id` ASC  - 
[2016-12-16 00:59:15] (ERROR in xPDOConnection::connect @ D:\domains\avto\core\xpdo\xpdo.class.php : 3083) SQLSTATE[HY000] [1049] Unknown database 'avtomodx'
[2016-12-16 00:59:15] (ERROR in xPDOConnection::connect @ D:\domains\avto\core\xpdo\xpdo.class.php : 3083) SQLSTATE[HY000] [1049] Unknown database 'avtomodx'
[2016-12-16 00:59:15] (ERROR @ D:\domains\avto\core\xpdo\om\xpdoobject.class.php : 263) Error preparing statement for query: SELECT `modSession`.`id` AS `modSession_id`, `modSession`.`access` AS `modSession_access`, `modSession`.`data` AS `modSession_data` FROM `modx_session` AS `modSession` WHERE `modSession`.`id` = ?  - 
[2016-12-16 00:59:15] (ERROR in xPDOConnection::connect @ D:\domains\avto\core\xpdo\xpdo.class.php : 3083) SQLSTATE[HY000] [1049] Unknown database 'avtomodx'
[2016-12-16 00:59:15] (ERROR in xPDOConnection::connect @ D:\domains\avto\core\xpdo\xpdo.class.php : 3083) SQLSTATE[HY000] [1049] Unknown database 'avtomodx'
[2016-12-16 00:59:16] (ERROR in xPDOConnection::connect @ D:\domains\avto\core\xpdo\xpdo.class.php : 3083) SQLSTATE[HY000] [1049] Unknown database 'avtomodx'
[2016-12-16 00:59:16] (ERROR in xPDOConnection::connect @ D:\domains\avto\core\xpdo\xpdo.class.php : 3083) SQLSTATE[HY000] [1049] Unknown database 'avtomodx'
[2016-12-16 00:59:16] (ERROR in xPDOConnection::connect @ D:\domains\avto\core\xpdo\xpdo.class.php : 3083) SQLSTATE[HY000] [1049] Unknown database 'avtomodx'
[2016-12-16 00:59:16] (ERROR @ D:\domains\avto\core\xpdo\om\xpdoobject.class.php : 263) Error preparing statement for query: SELECT `modSession`.`id` AS `modSession_id`, `modSession`.`access` AS `modSession_access`, `modSession`.`data` AS `modSession_data` FROM `modx_session` AS `modSession` WHERE `modSession`.`id` = ?  - 
[2016-12-16 00:59:16] (ERROR in xPDOConnection::connect @ D:\domains\avto\core\xpdo\xpdo.class.php : 3083) SQLSTATE[HY000] [1049] Unknown database 'avtomodx'
[2016-12-16 00:59:16] (ERROR in xPDOConnection::connect @ D:\domains\avto\core\xpdo\xpdo.class.php : 3083) SQLSTATE[HY000] [1049] Unknown database 'avtomodx'
[2016-12-16 00:59:16] (ERROR @ D:\domains\avto\core\xpdo\om\xpdoobject.class.php : 263) Error preparing statement for query: SELECT `modContentType`.`id` AS `modContentType_id`, `modContentType`.`name` AS `modContentType_name`, `modContentType`.`description` AS `modContentType_description`, `modContentType`.`mime_type` AS `modContentType_mime_type`, `modContentType`.`file_extensions` AS `modContentType_file_extensions`, `modContentType`.`headers` AS `modContentType_headers`, `modContentType`.`binary` AS `modContentType_binary` FROM `modx_content_type` AS `modContentType` WHERE `modContentType`.`name` = ?  - 
[2016-12-16 00:59:16] (ERROR in xPDOConnection::connect @ D:\domains\avto\core\xpdo\xpdo.class.php : 3083) SQLSTATE[HY000] [1049] Unknown database 'avtomodx'
[2016-12-16 00:59:16] (ERROR in xPDOConnection::connect @ D:\domains\avto\core\xpdo\xpdo.class.php : 3083) SQLSTATE[HY000] [1049] Unknown database 'avtomodx'
[2016-12-16 00:59:16] (ERROR @ D:\domains\avto\core\xpdo\om\xpdoobject.class.php : 263) Error preparing statement for query: SELECT `modSession`.`id` AS `modSession_id`, `modSession`.`access` AS `modSession_access`, `modSession`.`data` AS `modSession_data` FROM `modx_session` AS `modSession` WHERE `modSession`.`id` = ?  - 
[2016-12-16 00:59:16] (ERROR in xPDOConnection::connect @ D:\domains\avto\core\xpdo\xpdo.class.php : 3083) SQLSTATE[HY000] [1049] Unknown database 'avtomodx'
[2016-12-16 00:59:16] (ERROR in xPDOConnection::connect @ D:\domains\avto\core\xpdo\xpdo.class.php : 3083) SQLSTATE[HY000] [1049] Unknown database 'avtomodx'
[2016-12-16 00:59:23] (ERROR in xPDOConnection::connect @ D:\domains\avto\core\xpdo\xpdo.class.php : 3083) SQLSTATE[HY000] [1049] Unknown database 'avtomodx'
[2016-12-16 00:59:23] (ERROR in xPDOConnection::connect @ D:\domains\avto\core\xpdo\xpdo.class.php : 3083) SQLSTATE[HY000] [1049] Unknown database 'avtomodx'
[2016-12-16 00:59:23] (ERROR in xPDOConnection::connect @ D:\domains\avto\core\xpdo\xpdo.class.php : 3083) SQLSTATE[HY000] [1049] Unknown database 'avtomodx'
[2016-12-16 00:59:23] (ERROR @ D:\domains\avto\core\xpdo\om\xpdoobject.class.php : 263) Error preparing statement for query: SELECT `modSession`.`id` AS `modSession_id`, `modSession`.`access` AS `modSession_access`, `modSession`.`data` AS `modSession_data` FROM `modx_session` AS `modSession` WHERE `modSession`.`id` = ?  - 
[2016-12-16 00:59:23] (ERROR in xPDOConnection::connect @ D:\domains\avto\core\xpdo\xpdo.class.php : 3083) SQLSTATE[HY000] [1049] Unknown database 'avtomodx'
[2016-12-16 00:59:23] (ERROR in xPDOConnection::connect @ D:\domains\avto\core\xpdo\xpdo.class.php : 3083) SQLSTATE[HY000] [1049] Unknown database 'avtomodx'
[2016-12-16 00:59:23] (ERROR @ D:\domains\avto\core\xpdo\om\xpdoobject.class.php : 263) Error preparing statement for query: SELECT `modActionDom`.`id`, `modActionDom`.`set`, `modActionDom`.`action`, `modActionDom`.`name`, `modActionDom`.`description`, `modActionDom`.`xtype`, `modActionDom`.`container`, `modActionDom`.`rule`, `modActionDom`.`value`, `modActionDom`.`constraint`, `modActionDom`.`constraint_field`, `modActionDom`.`constraint_class`, `modActionDom`.`active`, `modActionDom`.`for_parent`, `modActionDom`.`rank`, `FCSet`.`constraint_class`, `FCSet`.`constraint_field`, `FCSet`.`constraint`, `FCSet`.`template` FROM `modx_actiondom` AS `modActionDom` JOIN `modx_fc_sets` `FCSet` ON `modActionDom`.`set` =  `FCSet`.`id` JOIN `modx_fc_profiles` `Profile` ON FCSet.profile = Profile.id LEFT JOIN `modx_fc_profiles_usergroups` `ProfileUserGroup` ON Profile.id = ProfileUserGroup.profile LEFT JOIN `modx_fc_profiles` `UGProfile` ON UGProfile.id = ProfileUserGroup.profile WHERE  ( `modActionDom`.`action` = ? AND `modActionDom`.`for_parent` = ? AND `FCSet`.`active` = ? AND `Profile`.`active` = ? )  ORDER BY modActionDom.rank ASC  - 
[2016-12-16 00:59:23] (ERROR in xPDOConnection::connect @ D:\domains\avto\core\xpdo\xpdo.class.php : 3083) SQLSTATE[HY000] [1049] Unknown database 'avtomodx'
[2016-12-16 00:59:23] (ERROR in xPDOConnection::connect @ D:\domains\avto\core\xpdo\xpdo.class.php : 3083) SQLSTATE[HY000] [1049] Unknown database 'avtomodx'
[2016-12-16 00:59:23] (ERROR @ D:\domains\avto\core\xpdo\om\xpdoobject.class.php : 263) Error preparing statement for query: SELECT `modUser`.`id` AS `modUser_id`, `modUser`.`username` AS `modUser_username`, `modUser`.`password` AS `modUser_password`, `modUser`.`cachepwd` AS `modUser_cachepwd`, `modUser`.`class_key` AS `modUser_class_key`, `modUser`.`active` AS `modUser_active`, `modUser`.`remote_key` AS `modUser_remote_key`, `modUser`.`remote_data` AS `modUser_remote_data`, `modUser`.`hash_class` AS `modUser_hash_class`, `modUser`.`salt` AS `modUser_salt`, `modUser`.`primary_group` AS `modUser_primary_group`, `modUser`.`session_stale` AS `modUser_session_stale`, `modUser`.`sudo` AS `modUser_sudo`, `modUser`.`createdon` AS `modUser_createdon` FROM `modx_users` AS `modUser` WHERE `modUser`.`username` = ?  - 
[2016-12-16 00:59:23] (ERROR in xPDOConnection::connect @ D:\domains\avto\core\xpdo\xpdo.class.php : 3083) SQLSTATE[HY000] [1049] Unknown database 'avtomodx'
[2016-12-16 00:59:23] (ERROR in xPDOConnection::connect @ D:\domains\avto\core\xpdo\xpdo.class.php : 3083) SQLSTATE[HY000] [1049] Unknown database 'avtomodx'
[2016-12-16 00:59:23] (ERROR in xPDOConnection::connect @ D:\domains\avto\core\xpdo\xpdo.class.php : 3083) SQLSTATE[HY000] [1049] Unknown database 'avtomodx'
[2016-12-16 00:59:23] (ERROR @ D:\domains\avto\core\xpdo\om\xpdoobject.class.php : 546) Error  preparing statement: SELECT `modUser`.`id` AS `modUser_id`, `modUser`.`username` AS `modUser_username`, `modUser`.`password` AS `modUser_password`, `modUser`.`cachepwd` AS `modUser_cachepwd`, `modUser`.`class_key` AS `modUser_class_key`, `modUser`.`active` AS `modUser_active`, `modUser`.`remote_key` AS `modUser_remote_key`, `modUser`.`remote_data` AS `modUser_remote_data`, `modUser`.`hash_class` AS `modUser_hash_class`, `modUser`.`salt` AS `modUser_salt`, `modUser`.`primary_group` AS `modUser_primary_group`, `modUser`.`session_stale` AS `modUser_session_stale`, `modUser`.`sudo` AS `modUser_sudo`, `modUser`.`createdon` AS `modUser_createdon`, `Profile`.`id` AS `Profile_id`, `Profile`.`internalKey` AS `Profile_internalKey`, `Profile`.`fullname` AS `Profile_fullname`, `Profile`.`email` AS `Profile_email`, `Profile`.`phone` AS `Profile_phone`, `Profile`.`mobilephone` AS `Profile_mobilephone`, `Profile`.`blocked` AS `Profile_blocked`, `Profile`.`blockeduntil` AS `Profile_blockeduntil`, `Profile`.`blockedafter` AS `Profile_blockedafter`, `Profile`.`logincount` AS `Profile_logincount`, `Profile`.`lastlogin` AS `Profile_lastlogin`, `Profile`.`thislogin` AS `Profile_thislogin`, `Profile`.`failedlogincount` AS `Profile_failedlogincount`, `Profile`.`sessionid` AS `Profile_sessionid`, `Profile`.`dob` AS `Profile_dob`, `Profile`.`gender` AS `Profile_gender`, `Profile`.`address` AS `Profile_address`, `Profile`.`country` AS `Profile_country`, `Profile`.`city` AS `Profile_city`, `Profile`.`state` AS `Profile_state`, `Profile`.`zip` AS `Profile_zip`, `Profile`.`fax` AS `Profile_fax`, `Profile`.`photo` AS `Profile_photo`, `Profile`.`comment` AS `Profile_comment`, `Profile`.`website` AS `Profile_website`, `Profile`.`extended` AS `Profile_extended`, `UserSettings`.`user` AS `UserSettings_user`, `UserSettings`.`key` AS `UserSettings_key`, `UserSettings`.`value` AS `UserSettings_value`, `UserSettings`.`xtype` AS `UserSettings_xtype`, `UserSettings`.`namespace` AS `UserSettings_namespace`, `UserSettings`.`area` AS `UserSettings_area`, `UserSettings`.`editedon` AS `UserSettings_editedon` FROM `modx_users` AS `modUser` LEFT JOIN `modx_user_attributes` `Profile` ON `modUser`.`id` = `Profile`.`internalKey` LEFT JOIN `modx_user_settings` `UserSettings` ON `modUser`.`id` = `UserSettings`.`user` WHERE `modUser`.`username` = ? ORDER BY `modUser`.`id` ASC  - 
[2016-12-16 00:59:23] (ERROR in xPDOConnection::connect @ D:\domains\avto\core\xpdo\xpdo.class.php : 3083) SQLSTATE[HY000] [1049] Unknown database 'avtomodx'
[2016-12-16 00:59:23] (ERROR in xPDOConnection::connect @ D:\domains\avto\core\xpdo\xpdo.class.php : 3083) SQLSTATE[HY000] [1049] Unknown database 'avtomodx'
[2016-12-16 00:59:23] (ERROR @ D:\domains\avto\core\xpdo\om\xpdoobject.class.php : 263) Error preparing statement for query: SELECT `modSession`.`id` AS `modSession_id`, `modSession`.`access` AS `modSession_access`, `modSession`.`data` AS `modSession_data` FROM `modx_session` AS `modSession` WHERE `modSession`.`id` = ?  - 
[2016-12-16 00:59:23] (ERROR in xPDOConnection::connect @ D:\domains\avto\core\xpdo\xpdo.class.php : 3083) SQLSTATE[HY000] [1049] Unknown database 'avtomodx'
[2016-12-16 00:59:23] (ERROR in xPDOConnection::connect @ D:\domains\avto\core\xpdo\xpdo.class.php : 3083) SQLSTATE[HY000] [1049] Unknown database 'avtomodx'
[2016-12-16 00:59:23] (ERROR in xPDOConnection::connect @ D:\domains\avto\core\xpdo\xpdo.class.php : 3083) SQLSTATE[HY000] [1049] Unknown database 'avtomodx'
[2016-12-16 00:59:23] (ERROR in xPDOConnection::connect @ D:\domains\avto\core\xpdo\xpdo.class.php : 3083) SQLSTATE[HY000] [1049] Unknown database 'avtomodx'
[2016-12-16 00:59:23] (ERROR in xPDOConnection::connect @ D:\domains\avto\core\xpdo\xpdo.class.php : 3083) SQLSTATE[HY000] [1049] Unknown database 'avtomodx'
[2016-12-16 00:59:23] (ERROR @ D:\domains\avto\core\xpdo\om\xpdoobject.class.php : 263) Error preparing statement for query: SELECT `modSession`.`id` AS `modSession_id`, `modSession`.`access` AS `modSession_access`, `modSession`.`data` AS `modSession_data` FROM `modx_session` AS `modSession` WHERE `modSession`.`id` = ?  - 
[2016-12-16 00:59:23] (ERROR in xPDOConnection::connect @ D:\domains\avto\core\xpdo\xpdo.class.php : 3083) SQLSTATE[HY000] [1049] Unknown database 'avtomodx'
[2016-12-16 00:59:23] (ERROR in xPDOConnection::connect @ D:\domains\avto\core\xpdo\xpdo.class.php : 3083) SQLSTATE[HY000] [1049] Unknown database 'avtomodx'
[2016-12-16 00:59:23] (ERROR @ D:\domains\avto\core\xpdo\om\xpdoobject.class.php : 263) Error preparing statement for query: SELECT `modContentType`.`id` AS `modContentType_id`, `modContentType`.`name` AS `modContentType_name`, `modContentType`.`description` AS `modContentType_description`, `modContentType`.`mime_type` AS `modContentType_mime_type`, `modContentType`.`file_extensions` AS `modContentType_file_extensions`, `modContentType`.`headers` AS `modContentType_headers`, `modContentType`.`binary` AS `modContentType_binary` FROM `modx_content_type` AS `modContentType` WHERE `modContentType`.`name` = ?  - 
[2016-12-16 00:59:23] (ERROR in xPDOConnection::connect @ D:\domains\avto\core\xpdo\xpdo.class.php : 3083) SQLSTATE[HY000] [1049] Unknown database 'avtomodx'
[2016-12-16 00:59:23] (ERROR in xPDOConnection::connect @ D:\domains\avto\core\xpdo\xpdo.class.php : 3083) SQLSTATE[HY000] [1049] Unknown database 'avtomodx'
[2016-12-16 00:59:23] (ERROR @ D:\domains\avto\core\xpdo\om\xpdoobject.class.php : 263) Error preparing statement for query: SELECT `modSession`.`id` AS `modSession_id`, `modSession`.`access` AS `modSession_access`, `modSession`.`data` AS `modSession_data` FROM `modx_session` AS `modSession` WHERE `modSession`.`id` = ?  - 
[2016-12-16 00:59:23] (ERROR in xPDOConnection::connect @ D:\domains\avto\core\xpdo\xpdo.class.php : 3083) SQLSTATE[HY000] [1049] Unknown database 'avtomodx'
[2016-12-16 00:59:23] (ERROR in xPDOConnection::connect @ D:\domains\avto\core\xpdo\xpdo.class.php : 3083) SQLSTATE[HY000] [1049] Unknown database 'avtomodx'
[2016-12-16 00:59:36] (ERROR in xPDOConnection::connect @ D:\domains\avto\core\xpdo\xpdo.class.php : 3083) SQLSTATE[HY000] [1049] Unknown database 'avtomodx'
[2016-12-16 00:59:36] (ERROR in xPDOConnection::connect @ D:\domains\avto\core\xpdo\xpdo.class.php : 3083) SQLSTATE[HY000] [1049] Unknown database 'avtomodx'
[2016-12-16 00:59:36] (ERROR in xPDOConnection::connect @ D:\domains\avto\core\xpdo\xpdo.class.php : 3083) SQLSTATE[HY000] [1049] Unknown database 'avtomodx'
[2016-12-16 00:59:36] (ERROR @ D:\domains\avto\core\xpdo\om\xpdoobject.class.php : 263) Error preparing statement for query: SELECT `modSession`.`id` AS `modSession_id`, `modSession`.`access` AS `modSession_access`, `modSession`.`data` AS `modSession_data` FROM `modx_session` AS `modSession` WHERE `modSession`.`id` = ?  - 
[2016-12-16 00:59:36] (ERROR in xPDOConnection::connect @ D:\domains\avto\core\xpdo\xpdo.class.php : 3083) SQLSTATE[HY000] [1049] Unknown database 'avtomodx'
[2016-12-16 00:59:36] (ERROR in xPDOConnection::connect @ D:\domains\avto\core\xpdo\xpdo.class.php : 3083) SQLSTATE[HY000] [1049] Unknown database 'avtomodx'
[2016-12-16 00:59:36] (ERROR @ D:\domains\avto\core\xpdo\om\xpdoobject.class.php : 263) Error preparing statement for query: SELECT `modActionDom`.`id`, `modActionDom`.`set`, `modActionDom`.`action`, `modActionDom`.`name`, `modActionDom`.`description`, `modActionDom`.`xtype`, `modActionDom`.`container`, `modActionDom`.`rule`, `modActionDom`.`value`, `modActionDom`.`constraint`, `modActionDom`.`constraint_field`, `modActionDom`.`constraint_class`, `modActionDom`.`active`, `modActionDom`.`for_parent`, `modActionDom`.`rank`, `FCSet`.`constraint_class`, `FCSet`.`constraint_field`, `FCSet`.`constraint`, `FCSet`.`template` FROM `modx_actiondom` AS `modActionDom` JOIN `modx_fc_sets` `FCSet` ON `modActionDom`.`set` =  `FCSet`.`id` JOIN `modx_fc_profiles` `Profile` ON FCSet.profile = Profile.id LEFT JOIN `modx_fc_profiles_usergroups` `ProfileUserGroup` ON Profile.id = ProfileUserGroup.profile LEFT JOIN `modx_fc_profiles` `UGProfile` ON UGProfile.id = ProfileUserGroup.profile WHERE  ( `modActionDom`.`action` = ? AND `modActionDom`.`for_parent` = ? AND `FCSet`.`active` = ? AND `Profile`.`active` = ? )  ORDER BY modActionDom.rank ASC  - 
[2016-12-16 00:59:36] (ERROR in xPDOConnection::connect @ D:\domains\avto\core\xpdo\xpdo.class.php : 3083) SQLSTATE[HY000] [1049] Unknown database 'avtomodx'
[2016-12-16 00:59:36] (ERROR in xPDOConnection::connect @ D:\domains\avto\core\xpdo\xpdo.class.php : 3083) SQLSTATE[HY000] [1049] Unknown database 'avtomodx'
[2016-12-16 00:59:36] (ERROR @ D:\domains\avto\core\xpdo\om\xpdoobject.class.php : 263) Error preparing statement for query: SELECT `modUser`.`id` AS `modUser_id`, `modUser`.`username` AS `modUser_username`, `modUser`.`password` AS `modUser_password`, `modUser`.`cachepwd` AS `modUser_cachepwd`, `modUser`.`class_key` AS `modUser_class_key`, `modUser`.`active` AS `modUser_active`, `modUser`.`remote_key` AS `modUser_remote_key`, `modUser`.`remote_data` AS `modUser_remote_data`, `modUser`.`hash_class` AS `modUser_hash_class`, `modUser`.`salt` AS `modUser_salt`, `modUser`.`primary_group` AS `modUser_primary_group`, `modUser`.`session_stale` AS `modUser_session_stale`, `modUser`.`sudo` AS `modUser_sudo`, `modUser`.`createdon` AS `modUser_createdon` FROM `modx_users` AS `modUser` WHERE `modUser`.`username` = ?  - 
[2016-12-16 00:59:36] (ERROR in xPDOConnection::connect @ D:\domains\avto\core\xpdo\xpdo.class.php : 3083) SQLSTATE[HY000] [1049] Unknown database 'avtomodx'
[2016-12-16 00:59:36] (ERROR in xPDOConnection::connect @ D:\domains\avto\core\xpdo\xpdo.class.php : 3083) SQLSTATE[HY000] [1049] Unknown database 'avtomodx'
[2016-12-16 00:59:36] (ERROR in xPDOConnection::connect @ D:\domains\avto\core\xpdo\xpdo.class.php : 3083) SQLSTATE[HY000] [1049] Unknown database 'avtomodx'
[2016-12-16 00:59:36] (ERROR @ D:\domains\avto\core\xpdo\om\xpdoobject.class.php : 546) Error  preparing statement: SELECT `modUser`.`id` AS `modUser_id`, `modUser`.`username` AS `modUser_username`, `modUser`.`password` AS `modUser_password`, `modUser`.`cachepwd` AS `modUser_cachepwd`, `modUser`.`class_key` AS `modUser_class_key`, `modUser`.`active` AS `modUser_active`, `modUser`.`remote_key` AS `modUser_remote_key`, `modUser`.`remote_data` AS `modUser_remote_data`, `modUser`.`hash_class` AS `modUser_hash_class`, `modUser`.`salt` AS `modUser_salt`, `modUser`.`primary_group` AS `modUser_primary_group`, `modUser`.`session_stale` AS `modUser_session_stale`, `modUser`.`sudo` AS `modUser_sudo`, `modUser`.`createdon` AS `modUser_createdon`, `Profile`.`id` AS `Profile_id`, `Profile`.`internalKey` AS `Profile_internalKey`, `Profile`.`fullname` AS `Profile_fullname`, `Profile`.`email` AS `Profile_email`, `Profile`.`phone` AS `Profile_phone`, `Profile`.`mobilephone` AS `Profile_mobilephone`, `Profile`.`blocked` AS `Profile_blocked`, `Profile`.`blockeduntil` AS `Profile_blockeduntil`, `Profile`.`blockedafter` AS `Profile_blockedafter`, `Profile`.`logincount` AS `Profile_logincount`, `Profile`.`lastlogin` AS `Profile_lastlogin`, `Profile`.`thislogin` AS `Profile_thislogin`, `Profile`.`failedlogincount` AS `Profile_failedlogincount`, `Profile`.`sessionid` AS `Profile_sessionid`, `Profile`.`dob` AS `Profile_dob`, `Profile`.`gender` AS `Profile_gender`, `Profile`.`address` AS `Profile_address`, `Profile`.`country` AS `Profile_country`, `Profile`.`city` AS `Profile_city`, `Profile`.`state` AS `Profile_state`, `Profile`.`zip` AS `Profile_zip`, `Profile`.`fax` AS `Profile_fax`, `Profile`.`photo` AS `Profile_photo`, `Profile`.`comment` AS `Profile_comment`, `Profile`.`website` AS `Profile_website`, `Profile`.`extended` AS `Profile_extended`, `UserSettings`.`user` AS `UserSettings_user`, `UserSettings`.`key` AS `UserSettings_key`, `UserSettings`.`value` AS `UserSettings_value`, `UserSettings`.`xtype` AS `UserSettings_xtype`, `UserSettings`.`namespace` AS `UserSettings_namespace`, `UserSettings`.`area` AS `UserSettings_area`, `UserSettings`.`editedon` AS `UserSettings_editedon` FROM `modx_users` AS `modUser` LEFT JOIN `modx_user_attributes` `Profile` ON `modUser`.`id` = `Profile`.`internalKey` LEFT JOIN `modx_user_settings` `UserSettings` ON `modUser`.`id` = `UserSettings`.`user` WHERE `modUser`.`username` = ? ORDER BY `modUser`.`id` ASC  - 
[2016-12-16 00:59:36] (ERROR in xPDOConnection::connect @ D:\domains\avto\core\xpdo\xpdo.class.php : 3083) SQLSTATE[HY000] [1049] Unknown database 'avtomodx'
[2016-12-16 00:59:36] (ERROR in xPDOConnection::connect @ D:\domains\avto\core\xpdo\xpdo.class.php : 3083) SQLSTATE[HY000] [1049] Unknown database 'avtomodx'
[2016-12-16 00:59:36] (ERROR @ D:\domains\avto\core\xpdo\om\xpdoobject.class.php : 263) Error preparing statement for query: SELECT `modSession`.`id` AS `modSession_id`, `modSession`.`access` AS `modSession_access`, `modSession`.`data` AS `modSession_data` FROM `modx_session` AS `modSession` WHERE `modSession`.`id` = ?  - 
[2016-12-16 00:59:36] (ERROR in xPDOConnection::connect @ D:\domains\avto\core\xpdo\xpdo.class.php : 3083) SQLSTATE[HY000] [1049] Unknown database 'avtomodx'
[2016-12-16 00:59:36] (ERROR in xPDOConnection::connect @ D:\domains\avto\core\xpdo\xpdo.class.php : 3083) SQLSTATE[HY000] [1049] Unknown database 'avtomodx'
[2016-12-16 00:59:37] (ERROR in xPDOConnection::connect @ D:\domains\avto\core\xpdo\xpdo.class.php : 3083) SQLSTATE[HY000] [1049] Unknown database 'avtomodx'
[2016-12-16 00:59:37] (ERROR in xPDOConnection::connect @ D:\domains\avto\core\xpdo\xpdo.class.php : 3083) SQLSTATE[HY000] [1049] Unknown database 'avtomodx'
[2016-12-16 00:59:37] (ERROR in xPDOConnection::connect @ D:\domains\avto\core\xpdo\xpdo.class.php : 3083) SQLSTATE[HY000] [1049] Unknown database 'avtomodx'
[2016-12-16 00:59:37] (ERROR @ D:\domains\avto\core\xpdo\om\xpdoobject.class.php : 263) Error preparing statement for query: SELECT `modSession`.`id` AS `modSession_id`, `modSession`.`access` AS `modSession_access`, `modSession`.`data` AS `modSession_data` FROM `modx_session` AS `modSession` WHERE `modSession`.`id` = ?  - 
[2016-12-16 00:59:37] (ERROR in xPDOConnection::connect @ D:\domains\avto\core\xpdo\xpdo.class.php : 3083) SQLSTATE[HY000] [1049] Unknown database 'avtomodx'
[2016-12-16 00:59:37] (ERROR in xPDOConnection::connect @ D:\domains\avto\core\xpdo\xpdo.class.php : 3083) SQLSTATE[HY000] [1049] Unknown database 'avtomodx'
[2016-12-16 00:59:37] (ERROR @ D:\domains\avto\core\xpdo\om\xpdoobject.class.php : 263) Error preparing statement for query: SELECT `modContentType`.`id` AS `modContentType_id`, `modContentType`.`name` AS `modContentType_name`, `modContentType`.`description` AS `modContentType_description`, `modContentType`.`mime_type` AS `modContentType_mime_type`, `modContentType`.`file_extensions` AS `modContentType_file_extensions`, `modContentType`.`headers` AS `modContentType_headers`, `modContentType`.`binary` AS `modContentType_binary` FROM `modx_content_type` AS `modContentType` WHERE `modContentType`.`name` = ?  - 
[2016-12-16 00:59:37] (ERROR in xPDOConnection::connect @ D:\domains\avto\core\xpdo\xpdo.class.php : 3083) SQLSTATE[HY000] [1049] Unknown database 'avtomodx'
[2016-12-16 00:59:37] (ERROR in xPDOConnection::connect @ D:\domains\avto\core\xpdo\xpdo.class.php : 3083) SQLSTATE[HY000] [1049] Unknown database 'avtomodx'
[2016-12-16 00:59:37] (ERROR @ D:\domains\avto\core\xpdo\om\xpdoobject.class.php : 263) Error preparing statement for query: SELECT `modSession`.`id` AS `modSession_id`, `modSession`.`access` AS `modSession_access`, `modSession`.`data` AS `modSession_data` FROM `modx_session` AS `modSession` WHERE `modSession`.`id` = ?  - 
[2016-12-16 00:59:37] (ERROR in xPDOConnection::connect @ D:\domains\avto\core\xpdo\xpdo.class.php : 3083) SQLSTATE[HY000] [1049] Unknown database 'avtomodx'
[2016-12-16 00:59:37] (ERROR in xPDOConnection::connect @ D:\domains\avto\core\xpdo\xpdo.class.php : 3083) SQLSTATE[HY000] [1049] Unknown database 'avtomodx'
[2016-12-16 00:59:48] (ERROR in xPDOConnection::connect @ D:\domains\avto\core\xpdo\xpdo.class.php : 3083) SQLSTATE[HY000] [1049] Unknown database 'avtomodx'
[2016-12-16 00:59:48] (ERROR in xPDOConnection::connect @ D:\domains\avto\core\xpdo\xpdo.class.php : 3083) SQLSTATE[HY000] [1049] Unknown database 'avtomodx'
[2016-12-16 00:59:48] (ERROR in xPDOConnection::connect @ D:\domains\avto\core\xpdo\xpdo.class.php : 3083) SQLSTATE[HY000] [1049] Unknown database 'avtomodx'
[2016-12-16 00:59:48] (ERROR @ D:\domains\avto\core\xpdo\om\xpdoobject.class.php : 263) Error preparing statement for query: SELECT `modSession`.`id` AS `modSession_id`, `modSession`.`access` AS `modSession_access`, `modSession`.`data` AS `modSession_data` FROM `modx_session` AS `modSession` WHERE `modSession`.`id` = ?  - 
[2016-12-16 00:59:48] (ERROR in xPDOConnection::connect @ D:\domains\avto\core\xpdo\xpdo.class.php : 3083) SQLSTATE[HY000] [1049] Unknown database 'avtomodx'
[2016-12-16 00:59:48] (ERROR in xPDOConnection::connect @ D:\domains\avto\core\xpdo\xpdo.class.php : 3083) SQLSTATE[HY000] [1049] Unknown database 'avtomodx'
[2016-12-16 00:59:48] (ERROR @ D:\domains\avto\core\xpdo\om\xpdoobject.class.php : 263) Error preparing statement for query: SELECT `modActionDom`.`id`, `modActionDom`.`set`, `modActionDom`.`action`, `modActionDom`.`name`, `modActionDom`.`description`, `modActionDom`.`xtype`, `modActionDom`.`container`, `modActionDom`.`rule`, `modActionDom`.`value`, `modActionDom`.`constraint`, `modActionDom`.`constraint_field`, `modActionDom`.`constraint_class`, `modActionDom`.`active`, `modActionDom`.`for_parent`, `modActionDom`.`rank`, `FCSet`.`constraint_class`, `FCSet`.`constraint_field`, `FCSet`.`constraint`, `FCSet`.`template` FROM `modx_actiondom` AS `modActionDom` JOIN `modx_fc_sets` `FCSet` ON `modActionDom`.`set` =  `FCSet`.`id` JOIN `modx_fc_profiles` `Profile` ON FCSet.profile = Profile.id LEFT JOIN `modx_fc_profiles_usergroups` `ProfileUserGroup` ON Profile.id = ProfileUserGroup.profile LEFT JOIN `modx_fc_profiles` `UGProfile` ON UGProfile.id = ProfileUserGroup.profile WHERE  ( `modActionDom`.`action` = ? AND `modActionDom`.`for_parent` = ? AND `FCSet`.`active` = ? AND `Profile`.`active` = ? )  ORDER BY modActionDom.rank ASC  - 
[2016-12-16 00:59:48] (ERROR in xPDOConnection::connect @ D:\domains\avto\core\xpdo\xpdo.class.php : 3083) SQLSTATE[HY000] [1049] Unknown database 'avtomodx'
[2016-12-16 00:59:48] (ERROR in xPDOConnection::connect @ D:\domains\avto\core\xpdo\xpdo.class.php : 3083) SQLSTATE[HY000] [1049] Unknown database 'avtomodx'
[2016-12-16 00:59:48] (ERROR @ D:\domains\avto\core\xpdo\om\xpdoobject.class.php : 263) Error preparing statement for query: SELECT `modUser`.`id` AS `modUser_id`, `modUser`.`username` AS `modUser_username`, `modUser`.`password` AS `modUser_password`, `modUser`.`cachepwd` AS `modUser_cachepwd`, `modUser`.`class_key` AS `modUser_class_key`, `modUser`.`active` AS `modUser_active`, `modUser`.`remote_key` AS `modUser_remote_key`, `modUser`.`remote_data` AS `modUser_remote_data`, `modUser`.`hash_class` AS `modUser_hash_class`, `modUser`.`salt` AS `modUser_salt`, `modUser`.`primary_group` AS `modUser_primary_group`, `modUser`.`session_stale` AS `modUser_session_stale`, `modUser`.`sudo` AS `modUser_sudo`, `modUser`.`createdon` AS `modUser_createdon` FROM `modx_users` AS `modUser` WHERE `modUser`.`username` = ?  - 
[2016-12-16 00:59:48] (ERROR in xPDOConnection::connect @ D:\domains\avto\core\xpdo\xpdo.class.php : 3083) SQLSTATE[HY000] [1049] Unknown database 'avtomodx'
[2016-12-16 00:59:48] (ERROR in xPDOConnection::connect @ D:\domains\avto\core\xpdo\xpdo.class.php : 3083) SQLSTATE[HY000] [1049] Unknown database 'avtomodx'
[2016-12-16 00:59:48] (ERROR in xPDOConnection::connect @ D:\domains\avto\core\xpdo\xpdo.class.php : 3083) SQLSTATE[HY000] [1049] Unknown database 'avtomodx'
[2016-12-16 00:59:48] (ERROR @ D:\domains\avto\core\xpdo\om\xpdoobject.class.php : 546) Error  preparing statement: SELECT `modUser`.`id` AS `modUser_id`, `modUser`.`username` AS `modUser_username`, `modUser`.`password` AS `modUser_password`, `modUser`.`cachepwd` AS `modUser_cachepwd`, `modUser`.`class_key` AS `modUser_class_key`, `modUser`.`active` AS `modUser_active`, `modUser`.`remote_key` AS `modUser_remote_key`, `modUser`.`remote_data` AS `modUser_remote_data`, `modUser`.`hash_class` AS `modUser_hash_class`, `modUser`.`salt` AS `modUser_salt`, `modUser`.`primary_group` AS `modUser_primary_group`, `modUser`.`session_stale` AS `modUser_session_stale`, `modUser`.`sudo` AS `modUser_sudo`, `modUser`.`createdon` AS `modUser_createdon`, `Profile`.`id` AS `Profile_id`, `Profile`.`internalKey` AS `Profile_internalKey`, `Profile`.`fullname` AS `Profile_fullname`, `Profile`.`email` AS `Profile_email`, `Profile`.`phone` AS `Profile_phone`, `Profile`.`mobilephone` AS `Profile_mobilephone`, `Profile`.`blocked` AS `Profile_blocked`, `Profile`.`blockeduntil` AS `Profile_blockeduntil`, `Profile`.`blockedafter` AS `Profile_blockedafter`, `Profile`.`logincount` AS `Profile_logincount`, `Profile`.`lastlogin` AS `Profile_lastlogin`, `Profile`.`thislogin` AS `Profile_thislogin`, `Profile`.`failedlogincount` AS `Profile_failedlogincount`, `Profile`.`sessionid` AS `Profile_sessionid`, `Profile`.`dob` AS `Profile_dob`, `Profile`.`gender` AS `Profile_gender`, `Profile`.`address` AS `Profile_address`, `Profile`.`country` AS `Profile_country`, `Profile`.`city` AS `Profile_city`, `Profile`.`state` AS `Profile_state`, `Profile`.`zip` AS `Profile_zip`, `Profile`.`fax` AS `Profile_fax`, `Profile`.`photo` AS `Profile_photo`, `Profile`.`comment` AS `Profile_comment`, `Profile`.`website` AS `Profile_website`, `Profile`.`extended` AS `Profile_extended`, `UserSettings`.`user` AS `UserSettings_user`, `UserSettings`.`key` AS `UserSettings_key`, `UserSettings`.`value` AS `UserSettings_value`, `UserSettings`.`xtype` AS `UserSettings_xtype`, `UserSettings`.`namespace` AS `UserSettings_namespace`, `UserSettings`.`area` AS `UserSettings_area`, `UserSettings`.`editedon` AS `UserSettings_editedon` FROM `modx_users` AS `modUser` LEFT JOIN `modx_user_attributes` `Profile` ON `modUser`.`id` = `Profile`.`internalKey` LEFT JOIN `modx_user_settings` `UserSettings` ON `modUser`.`id` = `UserSettings`.`user` WHERE `modUser`.`username` = ? ORDER BY `modUser`.`id` ASC  - 
[2016-12-16 00:59:48] (ERROR in xPDOConnection::connect @ D:\domains\avto\core\xpdo\xpdo.class.php : 3083) SQLSTATE[HY000] [1049] Unknown database 'avtomodx'
[2016-12-16 00:59:48] (ERROR in xPDOConnection::connect @ D:\domains\avto\core\xpdo\xpdo.class.php : 3083) SQLSTATE[HY000] [1049] Unknown database 'avtomodx'
[2016-12-16 00:59:48] (ERROR @ D:\domains\avto\core\xpdo\om\xpdoobject.class.php : 263) Error preparing statement for query: SELECT `modSession`.`id` AS `modSession_id`, `modSession`.`access` AS `modSession_access`, `modSession`.`data` AS `modSession_data` FROM `modx_session` AS `modSession` WHERE `modSession`.`id` = ?  - 
[2016-12-16 00:59:48] (ERROR in xPDOConnection::connect @ D:\domains\avto\core\xpdo\xpdo.class.php : 3083) SQLSTATE[HY000] [1049] Unknown database 'avtomodx'
[2016-12-16 00:59:48] (ERROR in xPDOConnection::connect @ D:\domains\avto\core\xpdo\xpdo.class.php : 3083) SQLSTATE[HY000] [1049] Unknown database 'avtomodx'
[2016-12-16 00:59:48] (ERROR in xPDOConnection::connect @ D:\domains\avto\core\xpdo\xpdo.class.php : 3083) SQLSTATE[HY000] [1049] Unknown database 'avtomodx'
[2016-12-16 00:59:48] (ERROR in xPDOConnection::connect @ D:\domains\avto\core\xpdo\xpdo.class.php : 3083) SQLSTATE[HY000] [1049] Unknown database 'avtomodx'
[2016-12-16 00:59:48] (ERROR in xPDOConnection::connect @ D:\domains\avto\core\xpdo\xpdo.class.php : 3083) SQLSTATE[HY000] [1049] Unknown database 'avtomodx'
[2016-12-16 00:59:48] (ERROR @ D:\domains\avto\core\xpdo\om\xpdoobject.class.php : 263) Error preparing statement for query: SELECT `modSession`.`id` AS `modSession_id`, `modSession`.`access` AS `modSession_access`, `modSession`.`data` AS `modSession_data` FROM `modx_session` AS `modSession` WHERE `modSession`.`id` = ?  - 
[2016-12-16 00:59:48] (ERROR in xPDOConnection::connect @ D:\domains\avto\core\xpdo\xpdo.class.php : 3083) SQLSTATE[HY000] [1049] Unknown database 'avtomodx'
[2016-12-16 00:59:48] (ERROR in xPDOConnection::connect @ D:\domains\avto\core\xpdo\xpdo.class.php : 3083) SQLSTATE[HY000] [1049] Unknown database 'avtomodx'
[2016-12-16 00:59:48] (ERROR @ D:\domains\avto\core\xpdo\om\xpdoobject.class.php : 263) Error preparing statement for query: SELECT `modContentType`.`id` AS `modContentType_id`, `modContentType`.`name` AS `modContentType_name`, `modContentType`.`description` AS `modContentType_description`, `modContentType`.`mime_type` AS `modContentType_mime_type`, `modContentType`.`file_extensions` AS `modContentType_file_extensions`, `modContentType`.`headers` AS `modContentType_headers`, `modContentType`.`binary` AS `modContentType_binary` FROM `modx_content_type` AS `modContentType` WHERE `modContentType`.`name` = ?  - 
[2016-12-16 00:59:48] (ERROR in xPDOConnection::connect @ D:\domains\avto\core\xpdo\xpdo.class.php : 3083) SQLSTATE[HY000] [1049] Unknown database 'avtomodx'
[2016-12-16 00:59:48] (ERROR in xPDOConnection::connect @ D:\domains\avto\core\xpdo\xpdo.class.php : 3083) SQLSTATE[HY000] [1049] Unknown database 'avtomodx'
[2016-12-16 00:59:48] (ERROR @ D:\domains\avto\core\xpdo\om\xpdoobject.class.php : 263) Error preparing statement for query: SELECT `modSession`.`id` AS `modSession_id`, `modSession`.`access` AS `modSession_access`, `modSession`.`data` AS `modSession_data` FROM `modx_session` AS `modSession` WHERE `modSession`.`id` = ?  - 
[2016-12-16 00:59:48] (ERROR in xPDOConnection::connect @ D:\domains\avto\core\xpdo\xpdo.class.php : 3083) SQLSTATE[HY000] [1049] Unknown database 'avtomodx'
[2016-12-16 00:59:48] (ERROR in xPDOConnection::connect @ D:\domains\avto\core\xpdo\xpdo.class.php : 3083) SQLSTATE[HY000] [1049] Unknown database 'avtomodx'
[2016-12-16 23:12:15] (ERROR @ D:\domains\avto\core\xpdo\xpdo.class.php : 512) addPackage called with an invalid package name.
[2016-12-16 23:12:16] (ERROR @ D:\domains\avto\core\xpdo\xpdo.class.php : 643) Could not load class: ShopContent from mysql.shopcontent.
[2016-12-16 23:12:16] (ERROR @ D:\domains\avto\core\xpdo\xpdo.class.php : 761) ShopContent::load() is not a valid static method.
[2017-01-15 00:44:11] (ERROR @ D:\domains\avto\core\model\modx\modcachemanager.class.php : 166) Could not cache context settings for web.
[2017-01-16 00:51:51] (ERROR @ D:\domains\avto\core\xpdo\xpdo.class.php : 512) addPackage called with an invalid package name.
[2017-01-16 00:51:51] (ERROR @ D:\domains\avto\core\xpdo\xpdo.class.php : 643) Could not load class: ShopContent from mysql.shopcontent.
[2017-01-16 00:51:51] (ERROR @ D:\domains\avto\core\xpdo\xpdo.class.php : 761) ShopContent::load() is not a valid static method.
[2017-09-29 23:54:49] (ERROR in xPDOConnection::connect @ D:\domains\avto\core\xpdo\xpdo.class.php : 3083) SQLSTATE[HY000] [1049] Unknown database 'avtomodx'
[2017-09-29 23:54:49] (ERROR in xPDOConnection::connect @ D:\domains\avto\core\xpdo\xpdo.class.php : 3083) SQLSTATE[HY000] [1049] Unknown database 'avtomodx'
[2017-09-29 23:54:49] (ERROR in xPDOConnection::connect @ D:\domains\avto\core\xpdo\xpdo.class.php : 3083) SQLSTATE[HY000] [1049] Unknown database 'avtomodx'
[2017-09-29 23:54:49] (ERROR @ D:\domains\avto\core\xpdo\om\xpdoobject.class.php : 263) Error preparing statement for query: SELECT `modSession`.`id` AS `modSession_id`, `modSession`.`access` AS `modSession_access`, `modSession`.`data` AS `modSession_data` FROM `modx_session` AS `modSession` WHERE `modSession`.`id` = ?  - 
[2017-09-29 23:54:50] (ERROR in xPDOConnection::connect @ D:\domains\avto\core\xpdo\xpdo.class.php : 3083) SQLSTATE[HY000] [1049] Unknown database 'avtomodx'
[2017-09-29 23:54:50] (ERROR in xPDOConnection::connect @ D:\domains\avto\core\xpdo\xpdo.class.php : 3083) SQLSTATE[HY000] [1049] Unknown database 'avtomodx'
[2017-09-29 23:54:50] (ERROR @ D:\domains\avto\core\xpdo\om\xpdoobject.class.php : 263) Error preparing statement for query: SELECT `modSession`.`id` AS `modSession_id`, `modSession`.`access` AS `modSession_access`, `modSession`.`data` AS `modSession_data` FROM `modx_session` AS `modSession` WHERE `modSession`.`id` = ?  - 
[2017-09-29 23:54:50] (ERROR in xPDOConnection::connect @ D:\domains\avto\core\xpdo\xpdo.class.php : 3083) SQLSTATE[HY000] [1049] Unknown database 'avtomodx'
[2017-09-29 23:54:50] (ERROR in xPDOConnection::connect @ D:\domains\avto\core\xpdo\xpdo.class.php : 3083) SQLSTATE[HY000] [1049] Unknown database 'avtomodx'
[2017-09-29 23:54:50] (ERROR in xPDOConnection::connect @ D:\domains\avto\core\xpdo\xpdo.class.php : 3083) SQLSTATE[HY000] [1049] Unknown database 'avtomodx'
[2017-09-29 23:54:50] (ERROR in xPDOConnection::connect @ D:\domains\avto\core\xpdo\xpdo.class.php : 3083) SQLSTATE[HY000] [1049] Unknown database 'avtomodx'
[2017-09-29 23:54:50] (ERROR in xPDOConnection::connect @ D:\domains\avto\core\xpdo\xpdo.class.php : 3083) SQLSTATE[HY000] [1049] Unknown database 'avtomodx'
[2017-09-29 23:54:50] (ERROR @ D:\domains\avto\core\xpdo\om\xpdoobject.class.php : 263) Error preparing statement for query: SELECT `modSession`.`id` AS `modSession_id`, `modSession`.`access` AS `modSession_access`, `modSession`.`data` AS `modSession_data` FROM `modx_session` AS `modSession` WHERE `modSession`.`id` = ?  - 
[2017-09-29 23:54:50] (ERROR in xPDOConnection::connect @ D:\domains\avto\core\xpdo\xpdo.class.php : 3083) SQLSTATE[HY000] [1049] Unknown database 'avtomodx'
[2017-09-29 23:54:50] (ERROR in xPDOConnection::connect @ D:\domains\avto\core\xpdo\xpdo.class.php : 3083) SQLSTATE[HY000] [1049] Unknown database 'avtomodx'
[2017-09-29 23:54:50] (ERROR @ D:\domains\avto\core\xpdo\om\xpdoobject.class.php : 263) Error preparing statement for query: SELECT `modContentType`.`id` AS `modContentType_id`, `modContentType`.`name` AS `modContentType_name`, `modContentType`.`description` AS `modContentType_description`, `modContentType`.`mime_type` AS `modContentType_mime_type`, `modContentType`.`file_extensions` AS `modContentType_file_extensions`, `modContentType`.`headers` AS `modContentType_headers`, `modContentType`.`binary` AS `modContentType_binary` FROM `modx_content_type` AS `modContentType` WHERE `modContentType`.`name` = ?  - 
[2017-09-29 23:54:50] (ERROR in xPDOConnection::connect @ D:\domains\avto\core\xpdo\xpdo.class.php : 3083) SQLSTATE[HY000] [1049] Unknown database 'avtomodx'
[2017-09-29 23:54:50] (ERROR in xPDOConnection::connect @ D:\domains\avto\core\xpdo\xpdo.class.php : 3083) SQLSTATE[HY000] [1049] Unknown database 'avtomodx'
[2017-09-29 23:54:50] (ERROR @ D:\domains\avto\core\xpdo\om\xpdoobject.class.php : 263) Error preparing statement for query: SELECT `modSession`.`id` AS `modSession_id`, `modSession`.`access` AS `modSession_access`, `modSession`.`data` AS `modSession_data` FROM `modx_session` AS `modSession` WHERE `modSession`.`id` = ?  - 
[2017-09-29 23:54:50] (ERROR in xPDOConnection::connect @ D:\domains\avto\core\xpdo\xpdo.class.php : 3083) SQLSTATE[HY000] [1049] Unknown database 'avtomodx'
[2017-09-29 23:54:50] (ERROR in xPDOConnection::connect @ D:\domains\avto\core\xpdo\xpdo.class.php : 3083) SQLSTATE[HY000] [1049] Unknown database 'avtomodx'
[2017-09-29 23:54:56] (ERROR in xPDOConnection::connect @ D:\domains\avto\core\xpdo\xpdo.class.php : 3083) SQLSTATE[HY000] [1049] Unknown database 'avtomodx'
[2017-09-29 23:54:56] (ERROR in xPDOConnection::connect @ D:\domains\avto\core\xpdo\xpdo.class.php : 3083) SQLSTATE[HY000] [1049] Unknown database 'avtomodx'
[2017-09-29 23:54:56] (ERROR in xPDOConnection::connect @ D:\domains\avto\core\xpdo\xpdo.class.php : 3083) SQLSTATE[HY000] [1049] Unknown database 'avtomodx'
[2017-09-29 23:54:56] (ERROR @ D:\domains\avto\core\xpdo\om\xpdoobject.class.php : 263) Error preparing statement for query: SELECT `modSession`.`id` AS `modSession_id`, `modSession`.`access` AS `modSession_access`, `modSession`.`data` AS `modSession_data` FROM `modx_session` AS `modSession` WHERE `modSession`.`id` = ?  - 
[2017-09-29 23:54:56] (ERROR in xPDOConnection::connect @ D:\domains\avto\core\xpdo\xpdo.class.php : 3083) SQLSTATE[HY000] [1049] Unknown database 'avtomodx'
[2017-09-29 23:54:56] (ERROR in xPDOConnection::connect @ D:\domains\avto\core\xpdo\xpdo.class.php : 3083) SQLSTATE[HY000] [1049] Unknown database 'avtomodx'
[2017-09-29 23:54:56] (ERROR @ D:\domains\avto\core\xpdo\om\xpdoobject.class.php : 263) Error preparing statement for query: SELECT `modContentType`.`id` AS `modContentType_id`, `modContentType`.`name` AS `modContentType_name`, `modContentType`.`description` AS `modContentType_description`, `modContentType`.`mime_type` AS `modContentType_mime_type`, `modContentType`.`file_extensions` AS `modContentType_file_extensions`, `modContentType`.`headers` AS `modContentType_headers`, `modContentType`.`binary` AS `modContentType_binary` FROM `modx_content_type` AS `modContentType` WHERE `modContentType`.`name` = ?  - 
[2017-09-29 23:54:56] (ERROR in xPDOConnection::connect @ D:\domains\avto\core\xpdo\xpdo.class.php : 3083) SQLSTATE[HY000] [1049] Unknown database 'avtomodx'
[2017-09-29 23:54:56] (ERROR in xPDOConnection::connect @ D:\domains\avto\core\xpdo\xpdo.class.php : 3083) SQLSTATE[HY000] [1049] Unknown database 'avtomodx'
[2017-09-29 23:54:56] (ERROR @ D:\domains\avto\core\xpdo\om\xpdoobject.class.php : 263) Error preparing statement for query: SELECT `modSession`.`id` AS `modSession_id`, `modSession`.`access` AS `modSession_access`, `modSession`.`data` AS `modSession_data` FROM `modx_session` AS `modSession` WHERE `modSession`.`id` = ?  - 
[2017-09-29 23:54:56] (ERROR in xPDOConnection::connect @ D:\domains\avto\core\xpdo\xpdo.class.php : 3083) SQLSTATE[HY000] [1049] Unknown database 'avtomodx'
[2017-09-29 23:54:56] (ERROR in xPDOConnection::connect @ D:\domains\avto\core\xpdo\xpdo.class.php : 3083) SQLSTATE[HY000] [1049] Unknown database 'avtomodx'
[2017-09-29 23:54:56] (ERROR in xPDOConnection::connect @ D:\domains\avto\core\xpdo\xpdo.class.php : 3083) SQLSTATE[HY000] [1049] Unknown database 'avtomodx'
[2017-09-29 23:54:56] (ERROR in xPDOConnection::connect @ D:\domains\avto\core\xpdo\xpdo.class.php : 3083) SQLSTATE[HY000] [1049] Unknown database 'avtomodx'
[2017-09-29 23:54:56] (ERROR in xPDOConnection::connect @ D:\domains\avto\core\xpdo\xpdo.class.php : 3083) SQLSTATE[HY000] [1049] Unknown database 'avtomodx'
[2017-09-29 23:54:56] (ERROR @ D:\domains\avto\core\xpdo\om\xpdoobject.class.php : 263) Error preparing statement for query: SELECT `modSession`.`id` AS `modSession_id`, `modSession`.`access` AS `modSession_access`, `modSession`.`data` AS `modSession_data` FROM `modx_session` AS `modSession` WHERE `modSession`.`id` = ?  - 
[2017-09-29 23:54:56] (ERROR in xPDOConnection::connect @ D:\domains\avto\core\xpdo\xpdo.class.php : 3083) SQLSTATE[HY000] [1049] Unknown database 'avtomodx'
[2017-09-29 23:54:56] (ERROR in xPDOConnection::connect @ D:\domains\avto\core\xpdo\xpdo.class.php : 3083) SQLSTATE[HY000] [1049] Unknown database 'avtomodx'
[2017-09-29 23:54:56] (ERROR @ D:\domains\avto\core\xpdo\om\xpdoobject.class.php : 263) Error preparing statement for query: SELECT `modContentType`.`id` AS `modContentType_id`, `modContentType`.`name` AS `modContentType_name`, `modContentType`.`description` AS `modContentType_description`, `modContentType`.`mime_type` AS `modContentType_mime_type`, `modContentType`.`file_extensions` AS `modContentType_file_extensions`, `modContentType`.`headers` AS `modContentType_headers`, `modContentType`.`binary` AS `modContentType_binary` FROM `modx_content_type` AS `modContentType` WHERE `modContentType`.`name` = ?  - 
[2017-09-29 23:54:56] (ERROR in xPDOConnection::connect @ D:\domains\avto\core\xpdo\xpdo.class.php : 3083) SQLSTATE[HY000] [1049] Unknown database 'avtomodx'
[2017-09-29 23:54:56] (ERROR in xPDOConnection::connect @ D:\domains\avto\core\xpdo\xpdo.class.php : 3083) SQLSTATE[HY000] [1049] Unknown database 'avtomodx'
[2017-09-29 23:54:56] (ERROR @ D:\domains\avto\core\xpdo\om\xpdoobject.class.php : 263) Error preparing statement for query: SELECT `modSession`.`id` AS `modSession_id`, `modSession`.`access` AS `modSession_access`, `modSession`.`data` AS `modSession_data` FROM `modx_session` AS `modSession` WHERE `modSession`.`id` = ?  - 
[2017-09-29 23:54:56] (ERROR in xPDOConnection::connect @ D:\domains\avto\core\xpdo\xpdo.class.php : 3083) SQLSTATE[HY000] [1049] Unknown database 'avtomodx'
[2017-09-29 23:54:56] (ERROR in xPDOConnection::connect @ D:\domains\avto\core\xpdo\xpdo.class.php : 3083) SQLSTATE[HY000] [1049] Unknown database 'avtomodx'
